2025-09-02 13:37:27,429 [Worker-1: Loading available Gradle versions] INFO  o.e.b.c.i.u.g.PublishedGradleVersions - Gradle version information cache is not available. Remote download required.
2025-09-02 13:42:34,185 [Worker-41: Creating project "mockito-junit-labdemo"] INFO  o.e.m.c.i.l.LifecycleMappingFactory - Using org.eclipse.m2e.jdt.JarLifecycleMapping lifecycle mapping for MavenProject: com.sqa.labdemo:mockito-junit-labdemo:0.0.1-SNAPSHOT @ D:\QA\SQA_LAB9\mockito-junit-labdemo\pom.xml.
2025-09-02 13:42:34,905 [Worker-41: Creating project "mockito-junit-labdemo"] INFO  o.e.m.j.i.AbstractJavaProjectConfigurator - Adding source folder /mockito-junit-labdemo/src/main/java
2025-09-02 13:42:34,909 [Worker-41: Creating project "mockito-junit-labdemo"] INFO  o.e.m.j.i.AbstractJavaProjectConfigurator - Adding resource folder /mockito-junit-labdemo/src/main/resources
2025-09-02 13:42:34,911 [Worker-41: Creating project "mockito-junit-labdemo"] INFO  o.e.m.j.i.AbstractJavaProjectConfigurator - Adding source folder /mockito-junit-labdemo/src/test/java
2025-09-02 13:42:34,912 [Worker-41: Creating project "mockito-junit-labdemo"] INFO  o.e.m.j.i.AbstractJavaProjectConfigurator - Adding resource folder /mockito-junit-labdemo/src/test/resources
2025-09-02 13:42:35,550 [Worker-42: Building] WARN  o.a.m.s.f.DefaultMavenResourcesFiltering - Using platform encoding (UTF-8 actually) to copy filtered resources, i.e. build is platform dependent!
2025-09-02 13:42:35,559 [Worker-42: Building] INFO  o.a.m.s.f.DefaultMavenResourcesFiltering - Copying 0 resource from src\main\resources to target\classes
2025-09-02 13:42:35,565 [Worker-42: Building] WARN  o.a.m.s.f.DefaultMavenResourcesFiltering - Using platform encoding (UTF-8 actually) to copy filtered resources, i.e. build is platform dependent!
2025-09-02 13:42:35,566 [Worker-42: Building] INFO  o.a.m.s.f.DefaultMavenResourcesFiltering - Copying 0 resource from src\test\resources to target\test-classes
2025-09-02 13:45:19,437 [Worker-2: Building] INFO  o.e.m.c.i.l.LifecycleMappingFactory - Using org.eclipse.m2e.jdt.JarLifecycleMapping lifecycle mapping for MavenProject: com.sqa.labdemo:mockito-junit-labdemo:0.0.1-SNAPSHOT @ D:\QA\SQA_LAB9\mockito-junit-labdemo\pom.xml.
2025-09-02 13:45:19,613 [Worker-2: Building] INFO  o.e.m.c.i.e.AbstractTransferListenerAdapter - Downloading https://repo.maven.apache.org/maven2/org/junit/jupiter/junit-jupiter-engine/5.13.4/junit-jupiter-engine-5.13.4.pom
2025-09-02 13:45:19,627 [Worker-2: Building] INFO  o.e.m.c.i.e.AbstractTransferListenerAdapter - Downloaded https://repo.maven.apache.org/maven2/org/junit/jupiter/junit-jupiter-engine/5.13.4/junit-jupiter-engine-5.13.4.pom
2025-09-02 13:45:19,646 [Worker-2: Building] INFO  o.e.m.c.i.e.AbstractTransferListenerAdapter - Downloading https://repo.maven.apache.org/maven2/org/junit/junit-bom/5.13.4/junit-bom-5.13.4.pom
2025-09-02 13:45:19,651 [Worker-2: Building] INFO  o.e.m.c.i.e.AbstractTransferListenerAdapter - Downloaded https://repo.maven.apache.org/maven2/org/junit/junit-bom/5.13.4/junit-bom-5.13.4.pom
2025-09-02 13:45:19,670 [Worker-2: Building] INFO  o.e.m.c.i.e.AbstractTransferListenerAdapter - Downloading https://repo.maven.apache.org/maven2/org/junit/platform/junit-platform-engine/1.13.4/junit-platform-engine-1.13.4.pom
2025-09-02 13:45:19,675 [Worker-2: Building] INFO  o.e.m.c.i.e.AbstractTransferListenerAdapter - Downloaded https://repo.maven.apache.org/maven2/org/junit/platform/junit-platform-engine/1.13.4/junit-platform-engine-1.13.4.pom
2025-09-02 13:45:19,695 [Worker-2: Building] INFO  o.e.m.c.i.e.AbstractTransferListenerAdapter - Downloading https://repo.maven.apache.org/maven2/org/junit/platform/junit-platform-commons/1.13.4/junit-platform-commons-1.13.4.pom
2025-09-02 13:45:19,739 [Worker-2: Building] INFO  o.e.m.c.i.e.AbstractTransferListenerAdapter - Downloaded https://repo.maven.apache.org/maven2/org/junit/platform/junit-platform-commons/1.13.4/junit-platform-commons-1.13.4.pom
2025-09-02 13:45:19,759 [Worker-2: Building] INFO  o.e.m.c.i.e.AbstractTransferListenerAdapter - Downloading https://repo.maven.apache.org/maven2/org/junit/jupiter/junit-jupiter-api/5.13.4/junit-jupiter-api-5.13.4.pom
2025-09-02 13:45:19,763 [Worker-2: Building] INFO  o.e.m.c.i.e.AbstractTransferListenerAdapter - Downloaded https://repo.maven.apache.org/maven2/org/junit/jupiter/junit-jupiter-api/5.13.4/junit-jupiter-api-5.13.4.pom
2025-09-02 13:45:19,781 [Worker-2: Building] INFO  o.e.m.c.i.e.AbstractTransferListenerAdapter - Downloading https://repo.maven.apache.org/maven2/org/mockito/mockito-core/5.19.0/mockito-core-5.19.0.pom
2025-09-02 13:45:19,783 [Worker-2: Building] INFO  o.e.m.c.i.e.AbstractTransferListenerAdapter - Downloaded https://repo.maven.apache.org/maven2/org/mockito/mockito-core/5.19.0/mockito-core-5.19.0.pom
2025-09-02 13:45:19,802 [Worker-2: Building] INFO  o.e.m.c.i.e.AbstractTransferListenerAdapter - Downloading https://repo.maven.apache.org/maven2/net/bytebuddy/byte-buddy/1.17.6/byte-buddy-1.17.6.pom
2025-09-02 13:45:19,811 [Worker-2: Building] INFO  o.e.m.c.i.e.AbstractTransferListenerAdapter - Downloaded https://repo.maven.apache.org/maven2/net/bytebuddy/byte-buddy/1.17.6/byte-buddy-1.17.6.pom
2025-09-02 13:45:19,832 [Worker-2: Building] INFO  o.e.m.c.i.e.AbstractTransferListenerAdapter - Downloading https://repo.maven.apache.org/maven2/net/bytebuddy/byte-buddy-parent/1.17.6/byte-buddy-parent-1.17.6.pom
2025-09-02 13:45:19,862 [Worker-2: Building] INFO  o.e.m.c.i.e.AbstractTransferListenerAdapter - Downloaded https://repo.maven.apache.org/maven2/net/bytebuddy/byte-buddy-parent/1.17.6/byte-buddy-parent-1.17.6.pom
2025-09-02 13:45:19,883 [Worker-2: Building] INFO  o.e.m.c.i.e.AbstractTransferListenerAdapter - Downloading https://repo.maven.apache.org/maven2/net/bytebuddy/byte-buddy-agent/1.17.6/byte-buddy-agent-1.17.6.pom
2025-09-02 13:45:19,891 [Worker-2: Building] INFO  o.e.m.c.i.e.AbstractTransferListenerAdapter - Downloaded https://repo.maven.apache.org/maven2/net/bytebuddy/byte-buddy-agent/1.17.6/byte-buddy-agent-1.17.6.pom
2025-09-02 13:45:19,920 [Worker-2: Building] INFO  o.e.m.c.i.e.AbstractTransferListenerAdapter - Downloading https://repo.maven.apache.org/maven2/org/junit/jupiter/junit-jupiter-engine/5.13.4/junit-jupiter-engine-5.13.4.jar
2025-09-02 13:45:20,088 [Worker-2: Building] INFO  o.e.m.c.i.e.AbstractTransferListenerAdapter - Downloaded https://repo.maven.apache.org/maven2/org/junit/jupiter/junit-jupiter-engine/5.13.4/junit-jupiter-engine-5.13.4.jar
2025-09-02 13:45:20,103 [BasicRepositoryConnector-repo.maven.apache.org-0-1] INFO  o.e.m.c.i.e.AbstractTransferListenerAdapter - Downloading https://repo.maven.apache.org/maven2/org/junit/platform/junit-platform-commons/1.13.4/junit-platform-commons-1.13.4.jar
2025-09-02 13:45:20,138 [BasicRepositoryConnector-repo.maven.apache.org-0-0] INFO  o.e.m.c.i.e.AbstractTransferListenerAdapter - Downloading https://repo.maven.apache.org/maven2/org/junit/platform/junit-platform-engine/1.13.4/junit-platform-engine-1.13.4.jar
2025-09-02 13:45:20,138 [BasicRepositoryConnector-repo.maven.apache.org-0-3] INFO  o.e.m.c.i.e.AbstractTransferListenerAdapter - Downloading https://repo.maven.apache.org/maven2/org/mockito/mockito-core/5.19.0/mockito-core-5.19.0.jar
2025-09-02 13:45:20,139 [BasicRepositoryConnector-repo.maven.apache.org-0-2] INFO  o.e.m.c.i.e.AbstractTransferListenerAdapter - Downloading https://repo.maven.apache.org/maven2/org/junit/jupiter/junit-jupiter-api/5.13.4/junit-jupiter-api-5.13.4.jar
2025-09-02 13:45:20,151 [BasicRepositoryConnector-repo.maven.apache.org-0-4] INFO  o.e.m.c.i.e.AbstractTransferListenerAdapter - Downloading https://repo.maven.apache.org/maven2/net/bytebuddy/byte-buddy/1.17.6/byte-buddy-1.17.6.jar
2025-09-02 13:45:20,184 [BasicRepositoryConnector-repo.maven.apache.org-0-2] INFO  o.e.m.c.i.e.AbstractTransferListenerAdapter - Downloaded https://repo.maven.apache.org/maven2/org/junit/jupiter/junit-jupiter-api/5.13.4/junit-jupiter-api-5.13.4.jar
2025-09-02 13:45:20,185 [BasicRepositoryConnector-repo.maven.apache.org-0-0] INFO  o.e.m.c.i.e.AbstractTransferListenerAdapter - Downloaded https://repo.maven.apache.org/maven2/org/junit/platform/junit-platform-engine/1.13.4/junit-platform-engine-1.13.4.jar
2025-09-02 13:45:20,201 [BasicRepositoryConnector-repo.maven.apache.org-0-1] INFO  o.e.m.c.i.e.AbstractTransferListenerAdapter - Downloaded https://repo.maven.apache.org/maven2/org/junit/platform/junit-platform-commons/1.13.4/junit-platform-commons-1.13.4.jar
2025-09-02 13:45:20,202 [BasicRepositoryConnector-repo.maven.apache.org-0-2] INFO  o.e.m.c.i.e.AbstractTransferListenerAdapter - Downloading https://repo.maven.apache.org/maven2/net/bytebuddy/byte-buddy-agent/1.17.6/byte-buddy-agent-1.17.6.jar
2025-09-02 13:45:20,223 [BasicRepositoryConnector-repo.maven.apache.org-0-3] INFO  o.e.m.c.i.e.AbstractTransferListenerAdapter - Downloaded https://repo.maven.apache.org/maven2/org/mockito/mockito-core/5.19.0/mockito-core-5.19.0.jar
2025-09-02 13:45:20,247 [BasicRepositoryConnector-repo.maven.apache.org-0-2] INFO  o.e.m.c.i.e.AbstractTransferListenerAdapter - Downloaded https://repo.maven.apache.org/maven2/net/bytebuddy/byte-buddy-agent/1.17.6/byte-buddy-agent-1.17.6.jar
2025-09-02 13:45:22,203 [BasicRepositoryConnector-repo.maven.apache.org-0-4] INFO  o.e.m.c.i.e.AbstractTransferListenerAdapter - Downloaded https://repo.maven.apache.org/maven2/net/bytebuddy/byte-buddy/1.17.6/byte-buddy-1.17.6.jar
2025-09-02 13:45:22,343 [Worker-2: Building] WARN  o.a.m.s.f.DefaultMavenResourcesFiltering - Using platform encoding (UTF-8 actually) to copy filtered resources, i.e. build is platform dependent!
2025-09-02 13:45:22,346 [Worker-2: Building] INFO  o.a.m.s.f.DefaultMavenResourcesFiltering - Copying 0 resource from src\main\resources to target\classes
2025-09-02 13:45:22,350 [Worker-2: Building] WARN  o.a.m.s.f.DefaultMavenResourcesFiltering - Using platform encoding (UTF-8 actually) to copy filtered resources, i.e. build is platform dependent!
2025-09-02 13:45:22,351 [Worker-2: Building] INFO  o.a.m.s.f.DefaultMavenResourcesFiltering - Copying 0 resource from src\test\resources to target\test-classes
2025-09-02 13:45:23,302 [Worker-2: Download sources and javadoc] INFO  o.e.m.c.i.e.AbstractTransferListenerAdapter - Downloading https://repo.maven.apache.org/maven2/org/junit/jupiter/junit-jupiter-engine/5.13.4/junit-jupiter-engine-5.13.4-sources.jar
2025-09-02 13:45:23,336 [Worker-2: Download sources and javadoc] INFO  o.e.m.c.i.e.AbstractTransferListenerAdapter - Downloaded https://repo.maven.apache.org/maven2/org/junit/jupiter/junit-jupiter-engine/5.13.4/junit-jupiter-engine-5.13.4-sources.jar
2025-09-02 13:45:23,340 [Worker-2: Download sources and javadoc] INFO  o.e.m.j.internal.DownloadSourcesJob - Downloaded sources for org.junit.jupiter:junit-jupiter-engine:5.13.4
2025-09-02 13:45:23,395 [Worker-2: Download sources and javadoc] INFO  o.e.m.c.i.e.AbstractTransferListenerAdapter - Downloading https://repo.maven.apache.org/maven2/org/junit/platform/junit-platform-engine/1.13.4/junit-platform-engine-1.13.4-sources.jar
2025-09-02 13:45:23,426 [Worker-2: Download sources and javadoc] INFO  o.e.m.c.i.e.AbstractTransferListenerAdapter - Downloaded https://repo.maven.apache.org/maven2/org/junit/platform/junit-platform-engine/1.13.4/junit-platform-engine-1.13.4-sources.jar
2025-09-02 13:45:23,430 [Worker-2: Download sources and javadoc] INFO  o.e.m.j.internal.DownloadSourcesJob - Downloaded sources for org.junit.platform:junit-platform-engine:1.13.4
2025-09-02 13:45:23,481 [Worker-2: Download sources and javadoc] INFO  o.e.m.c.i.e.AbstractTransferListenerAdapter - Downloading https://repo.maven.apache.org/maven2/org/junit/platform/junit-platform-commons/1.13.4/junit-platform-commons-1.13.4-sources.jar
2025-09-02 13:45:23,523 [Worker-2: Download sources and javadoc] INFO  o.e.m.c.i.e.AbstractTransferListenerAdapter - Downloaded https://repo.maven.apache.org/maven2/org/junit/platform/junit-platform-commons/1.13.4/junit-platform-commons-1.13.4-sources.jar
2025-09-02 13:45:23,527 [Worker-2: Download sources and javadoc] INFO  o.e.m.j.internal.DownloadSourcesJob - Downloaded sources for org.junit.platform:junit-platform-commons:1.13.4
2025-09-02 13:45:23,577 [Worker-2: Download sources and javadoc] INFO  o.e.m.c.i.e.AbstractTransferListenerAdapter - Downloading https://repo.maven.apache.org/maven2/org/junit/jupiter/junit-jupiter-api/5.13.4/junit-jupiter-api-5.13.4-sources.jar
2025-09-02 13:45:23,622 [Worker-2: Download sources and javadoc] INFO  o.e.m.c.i.e.AbstractTransferListenerAdapter - Downloaded https://repo.maven.apache.org/maven2/org/junit/jupiter/junit-jupiter-api/5.13.4/junit-jupiter-api-5.13.4-sources.jar
2025-09-02 13:45:23,626 [Worker-2: Download sources and javadoc] INFO  o.e.m.j.internal.DownloadSourcesJob - Downloaded sources for org.junit.jupiter:junit-jupiter-api:5.13.4
2025-09-02 13:45:23,668 [Worker-46: Building] WARN  o.a.m.s.f.DefaultMavenResourcesFiltering - Using platform encoding (UTF-8 actually) to copy filtered resources, i.e. build is platform dependent!
2025-09-02 13:45:23,670 [Worker-46: Building] INFO  o.a.m.s.f.DefaultMavenResourcesFiltering - Copying 0 resource from src\main\resources to target\classes
2025-09-02 13:45:23,672 [Worker-46: Building] WARN  o.a.m.s.f.DefaultMavenResourcesFiltering - Using platform encoding (UTF-8 actually) to copy filtered resources, i.e. build is platform dependent!
2025-09-02 13:45:23,674 [Worker-46: Building] INFO  o.a.m.s.f.DefaultMavenResourcesFiltering - Copying 0 resource from src\test\resources to target\test-classes
2025-09-02 13:45:23,677 [Worker-2: Download sources and javadoc] INFO  o.e.m.c.i.e.AbstractTransferListenerAdapter - Downloading https://repo.maven.apache.org/maven2/org/mockito/mockito-core/5.19.0/mockito-core-5.19.0-sources.jar
2025-09-02 13:45:23,733 [Worker-2: Download sources and javadoc] INFO  o.e.m.c.i.e.AbstractTransferListenerAdapter - Downloaded https://repo.maven.apache.org/maven2/org/mockito/mockito-core/5.19.0/mockito-core-5.19.0-sources.jar
2025-09-02 13:45:23,736 [Worker-2: Download sources and javadoc] INFO  o.e.m.j.internal.DownloadSourcesJob - Downloaded sources for org.mockito:mockito-core:5.19.0
2025-09-02 13:45:23,820 [Worker-2: Download sources and javadoc] INFO  o.e.m.c.i.e.AbstractTransferListenerAdapter - Downloading https://repo.maven.apache.org/maven2/net/bytebuddy/byte-buddy/1.17.6/byte-buddy-1.17.6-sources.jar
2025-09-02 13:45:23,971 [Worker-2: Download sources and javadoc] INFO  o.e.m.c.i.e.AbstractTransferListenerAdapter - Downloaded https://repo.maven.apache.org/maven2/net/bytebuddy/byte-buddy/1.17.6/byte-buddy-1.17.6-sources.jar
2025-09-02 13:45:23,974 [Worker-2: Download sources and javadoc] INFO  o.e.m.j.internal.DownloadSourcesJob - Downloaded sources for net.bytebuddy:byte-buddy:1.17.6
2025-09-02 13:45:24,024 [Worker-2: Download sources and javadoc] INFO  o.e.m.c.i.e.AbstractTransferListenerAdapter - Downloading https://repo.maven.apache.org/maven2/net/bytebuddy/byte-buddy-agent/1.17.6/byte-buddy-agent-1.17.6-sources.jar
2025-09-02 13:45:24,061 [Worker-2: Download sources and javadoc] INFO  o.e.m.c.i.e.AbstractTransferListenerAdapter - Downloaded https://repo.maven.apache.org/maven2/net/bytebuddy/byte-buddy-agent/1.17.6/byte-buddy-agent-1.17.6-sources.jar
2025-09-02 13:45:24,063 [Worker-2: Download sources and javadoc] INFO  o.e.m.j.internal.DownloadSourcesJob - Downloaded sources for net.bytebuddy:byte-buddy-agent:1.17.6
2025-09-02 13:48:57,365 [Worker-47: Building] WARN  o.a.m.s.f.DefaultMavenResourcesFiltering - Using platform encoding (UTF-8 actually) to copy filtered resources, i.e. build is platform dependent!
2025-09-02 13:48:57,367 [Worker-47: Building] INFO  o.a.m.s.f.DefaultMavenResourcesFiltering - Copying 0 resource from src\main\resources to target\classes
2025-09-02 13:48:57,370 [Worker-47: Building] WARN  o.a.m.s.f.DefaultMavenResourcesFiltering - Using platform encoding (UTF-8 actually) to copy filtered resources, i.e. build is platform dependent!
2025-09-02 13:48:57,372 [Worker-47: Building] INFO  o.a.m.s.f.DefaultMavenResourcesFiltering - Copying 0 resource from src\test\resources to target\test-classes
2025-09-02 13:49:40,946 [Worker-47: Building] WARN  o.a.m.s.f.DefaultMavenResourcesFiltering - Using platform encoding (UTF-8 actually) to copy filtered resources, i.e. build is platform dependent!
2025-09-02 13:49:40,947 [Worker-47: Building] INFO  o.a.m.s.f.DefaultMavenResourcesFiltering - Copying 0 resource from src\main\resources to target\classes
2025-09-02 13:49:40,951 [Worker-47: Building] WARN  o.a.m.s.f.DefaultMavenResourcesFiltering - Using platform encoding (UTF-8 actually) to copy filtered resources, i.e. build is platform dependent!
2025-09-02 13:49:40,951 [Worker-47: Building] INFO  o.a.m.s.f.DefaultMavenResourcesFiltering - Copying 0 resource from src\test\resources to target\test-classes
2025-09-02 13:50:29,676 [Worker-41: Building] WARN  o.a.m.s.f.DefaultMavenResourcesFiltering - Using platform encoding (UTF-8 actually) to copy filtered resources, i.e. build is platform dependent!
2025-09-02 13:50:29,678 [Worker-41: Building] INFO  o.a.m.s.f.DefaultMavenResourcesFiltering - Copying 0 resource from src\main\resources to target\classes
2025-09-02 13:50:29,681 [Worker-41: Building] WARN  o.a.m.s.f.DefaultMavenResourcesFiltering - Using platform encoding (UTF-8 actually) to copy filtered resources, i.e. build is platform dependent!
2025-09-02 13:50:29,682 [Worker-41: Building] INFO  o.a.m.s.f.DefaultMavenResourcesFiltering - Copying 0 resource from src\test\resources to target\test-classes
2025-09-02 13:57:43,196 [Worker-41: Building] WARN  o.a.m.s.f.DefaultMavenResourcesFiltering - Using platform encoding (UTF-8 actually) to copy filtered resources, i.e. build is platform dependent!
2025-09-02 13:57:43,197 [Worker-41: Building] INFO  o.a.m.s.f.DefaultMavenResourcesFiltering - Copying 0 resource from src\main\resources to target\classes
2025-09-02 13:57:43,199 [Worker-41: Building] WARN  o.a.m.s.f.DefaultMavenResourcesFiltering - Using platform encoding (UTF-8 actually) to copy filtered resources, i.e. build is platform dependent!
2025-09-02 13:57:43,200 [Worker-41: Building] INFO  o.a.m.s.f.DefaultMavenResourcesFiltering - Copying 0 resource from src\test\resources to target\test-classes
2025-09-02 14:01:10,016 [Worker-54: Building] WARN  o.a.m.s.f.DefaultMavenResourcesFiltering - Using platform encoding (UTF-8 actually) to copy filtered resources, i.e. build is platform dependent!
2025-09-02 14:01:10,017 [Worker-54: Building] INFO  o.a.m.s.f.DefaultMavenResourcesFiltering - Copying 0 resource from src\main\resources to target\classes
2025-09-02 14:01:10,019 [Worker-54: Building] WARN  o.a.m.s.f.DefaultMavenResourcesFiltering - Using platform encoding (UTF-8 actually) to copy filtered resources, i.e. build is platform dependent!
2025-09-02 14:01:10,020 [Worker-54: Building] INFO  o.a.m.s.f.DefaultMavenResourcesFiltering - Copying 0 resource from src\test\resources to target\test-classes
2025-09-02 14:07:30,594 [Worker-57: Building] WARN  o.a.m.s.f.DefaultMavenResourcesFiltering - Using platform encoding (UTF-8 actually) to copy filtered resources, i.e. build is platform dependent!
2025-09-02 14:07:30,596 [Worker-57: Building] INFO  o.a.m.s.f.DefaultMavenResourcesFiltering - Copying 0 resource from src\main\resources to target\classes
2025-09-02 14:07:30,598 [Worker-57: Building] WARN  o.a.m.s.f.DefaultMavenResourcesFiltering - Using platform encoding (UTF-8 actually) to copy filtered resources, i.e. build is platform dependent!
2025-09-02 14:07:30,599 [Worker-57: Building] INFO  o.a.m.s.f.DefaultMavenResourcesFiltering - Copying 0 resource from src\test\resources to target\test-classes
2025-09-02 14:08:15,210 [Worker-58: Building] WARN  o.a.m.s.f.DefaultMavenResourcesFiltering - Using platform encoding (UTF-8 actually) to copy filtered resources, i.e. build is platform dependent!
2025-09-02 14:08:15,210 [Worker-58: Building] INFO  o.a.m.s.f.DefaultMavenResourcesFiltering - Copying 0 resource from src\main\resources to target\classes
2025-09-02 14:08:15,220 [Worker-58: Building] WARN  o.a.m.s.f.DefaultMavenResourcesFiltering - Using platform encoding (UTF-8 actually) to copy filtered resources, i.e. build is platform dependent!
2025-09-02 14:08:15,220 [Worker-58: Building] INFO  o.a.m.s.f.DefaultMavenResourcesFiltering - Copying 0 resource from src\test\resources to target\test-classes
2025-09-02 14:12:54,471 [Worker-57: Building] WARN  o.a.m.s.f.DefaultMavenResourcesFiltering - Using platform encoding (UTF-8 actually) to copy filtered resources, i.e. build is platform dependent!
2025-09-02 14:12:54,472 [Worker-57: Building] INFO  o.a.m.s.f.DefaultMavenResourcesFiltering - Copying 0 resource from src\main\resources to target\classes
2025-09-02 14:12:54,473 [Worker-57: Building] WARN  o.a.m.s.f.DefaultMavenResourcesFiltering - Using platform encoding (UTF-8 actually) to copy filtered resources, i.e. build is platform dependent!
2025-09-02 14:12:54,474 [Worker-57: Building] INFO  o.a.m.s.f.DefaultMavenResourcesFiltering - Copying 0 resource from src\test\resources to target\test-classes
2025-09-02 14:13:04,835 [Worker-54: Launching Executing test in D__QA_SQA_LAB9_mockito-junit-labdemo] INFO  o.eclipse.m2e.core.internal.Bundles - getClasspathEntries(Bundle=org.eclipse.m2e.maven.runtime_3.9.900.20250220-2013 [639])
2025-09-02 14:13:04,836 [Worker-54: Launching Executing test in D__QA_SQA_LAB9_mockito-junit-labdemo] INFO  o.eclipse.m2e.core.internal.Bundles - 	Entry: C:\Users\ROG STRIX\.p2\pool\plugins\org.eclipse.m2e.maven.runtime_3.9.900.20250220-2013
2025-09-02 14:13:04,836 [Worker-54: Launching Executing test in D__QA_SQA_LAB9_mockito-junit-labdemo] INFO  o.eclipse.m2e.core.internal.Bundles - 	Entry: C:\Users\ROG STRIX\.p2\pool\plugins\org.eclipse.m2e.maven.runtime_3.9.900.20250220-2013\jars\aopalliance-1.0.jar
2025-09-02 14:13:04,836 [Worker-54: Launching Executing test in D__QA_SQA_LAB9_mockito-junit-labdemo] INFO  o.eclipse.m2e.core.internal.Bundles - 	Entry: C:\Users\ROG STRIX\.p2\pool\plugins\org.eclipse.m2e.maven.runtime_3.9.900.20250220-2013\jars\guice-5.1.0.jar
2025-09-02 14:13:04,836 [Worker-54: Launching Executing test in D__QA_SQA_LAB9_mockito-junit-labdemo] INFO  o.eclipse.m2e.core.internal.Bundles - 	Entry: C:\Users\ROG STRIX\.p2\pool\plugins\org.eclipse.m2e.maven.runtime_3.9.900.20250220-2013\jars\httpclient-4.5.14.jar
2025-09-02 14:13:04,837 [Worker-54: Launching Executing test in D__QA_SQA_LAB9_mockito-junit-labdemo] INFO  o.eclipse.m2e.core.internal.Bundles - 	Entry: C:\Users\ROG STRIX\.p2\pool\plugins\org.eclipse.m2e.maven.runtime_3.9.900.20250220-2013\jars\httpcore-4.4.16.jar
2025-09-02 14:13:04,837 [Worker-54: Launching Executing test in D__QA_SQA_LAB9_mockito-junit-labdemo] INFO  o.eclipse.m2e.core.internal.Bundles - 	Entry: C:\Users\ROG STRIX\.p2\pool\plugins\org.eclipse.m2e.maven.runtime_3.9.900.20250220-2013\jars\jansi-2.4.1.jar
2025-09-02 14:13:04,837 [Worker-54: Launching Executing test in D__QA_SQA_LAB9_mockito-junit-labdemo] INFO  o.eclipse.m2e.core.internal.Bundles - 	Entry: C:\Users\ROG STRIX\.p2\pool\plugins\org.eclipse.m2e.maven.runtime_3.9.900.20250220-2013\jars\jcl-over-slf4j-1.7.36.jar
2025-09-02 14:13:04,837 [Worker-54: Launching Executing test in D__QA_SQA_LAB9_mockito-junit-labdemo] INFO  o.eclipse.m2e.core.internal.Bundles - 	Entry: C:\Users\ROG STRIX\.p2\pool\plugins\org.eclipse.m2e.maven.runtime_3.9.900.20250220-2013\jars\maven-artifact-3.9.9.jar
2025-09-02 14:13:04,837 [Worker-54: Launching Executing test in D__QA_SQA_LAB9_mockito-junit-labdemo] INFO  o.eclipse.m2e.core.internal.Bundles - 	Entry: C:\Users\ROG STRIX\.p2\pool\plugins\org.eclipse.m2e.maven.runtime_3.9.900.20250220-2013\jars\maven-builder-support-3.9.9.jar
2025-09-02 14:13:04,837 [Worker-54: Launching Executing test in D__QA_SQA_LAB9_mockito-junit-labdemo] INFO  o.eclipse.m2e.core.internal.Bundles - 	Entry: C:\Users\ROG STRIX\.p2\pool\plugins\org.eclipse.m2e.maven.runtime_3.9.900.20250220-2013\jars\maven-compat-3.9.9.jar
2025-09-02 14:13:04,837 [Worker-54: Launching Executing test in D__QA_SQA_LAB9_mockito-junit-labdemo] INFO  o.eclipse.m2e.core.internal.Bundles - 	Entry: C:\Users\ROG STRIX\.p2\pool\plugins\org.eclipse.m2e.maven.runtime_3.9.900.20250220-2013\jars\maven-core-3.9.9.jar
2025-09-02 14:13:04,837 [Worker-54: Launching Executing test in D__QA_SQA_LAB9_mockito-junit-labdemo] INFO  o.eclipse.m2e.core.internal.Bundles - 	Entry: C:\Users\ROG STRIX\.p2\pool\plugins\org.eclipse.m2e.maven.runtime_3.9.900.20250220-2013\jars\maven-embedder-3.9.9.jar
2025-09-02 14:13:04,837 [Worker-54: Launching Executing test in D__QA_SQA_LAB9_mockito-junit-labdemo] INFO  o.eclipse.m2e.core.internal.Bundles - 	Entry: C:\Users\ROG STRIX\.p2\pool\plugins\org.eclipse.m2e.maven.runtime_3.9.900.20250220-2013\jars\maven-model-3.9.9.jar
2025-09-02 14:13:04,837 [Worker-54: Launching Executing test in D__QA_SQA_LAB9_mockito-junit-labdemo] INFO  o.eclipse.m2e.core.internal.Bundles - 	Entry: C:\Users\ROG STRIX\.p2\pool\plugins\org.eclipse.m2e.maven.runtime_3.9.900.20250220-2013\jars\maven-model-builder-3.9.9.jar
2025-09-02 14:13:04,837 [Worker-54: Launching Executing test in D__QA_SQA_LAB9_mockito-junit-labdemo] INFO  o.eclipse.m2e.core.internal.Bundles - 	Entry: C:\Users\ROG STRIX\.p2\pool\plugins\org.eclipse.m2e.maven.runtime_3.9.900.20250220-2013\jars\maven-plugin-api-3.9.9.jar
2025-09-02 14:13:04,838 [Worker-54: Launching Executing test in D__QA_SQA_LAB9_mockito-junit-labdemo] INFO  o.eclipse.m2e.core.internal.Bundles - 	Entry: C:\Users\ROG STRIX\.p2\pool\plugins\org.eclipse.m2e.maven.runtime_3.9.900.20250220-2013\jars\maven-repository-metadata-3.9.9.jar
2025-09-02 14:13:04,838 [Worker-54: Launching Executing test in D__QA_SQA_LAB9_mockito-junit-labdemo] INFO  o.eclipse.m2e.core.internal.Bundles - 	Entry: C:\Users\ROG STRIX\.p2\pool\plugins\org.eclipse.m2e.maven.runtime_3.9.900.20250220-2013\jars\maven-resolver-api-1.9.22.jar
2025-09-02 14:13:04,838 [Worker-54: Launching Executing test in D__QA_SQA_LAB9_mockito-junit-labdemo] INFO  o.eclipse.m2e.core.internal.Bundles - 	Entry: C:\Users\ROG STRIX\.p2\pool\plugins\org.eclipse.m2e.maven.runtime_3.9.900.20250220-2013\jars\maven-resolver-connector-basic-1.9.22.jar
2025-09-02 14:13:04,838 [Worker-54: Launching Executing test in D__QA_SQA_LAB9_mockito-junit-labdemo] INFO  o.eclipse.m2e.core.internal.Bundles - 	Entry: C:\Users\ROG STRIX\.p2\pool\plugins\org.eclipse.m2e.maven.runtime_3.9.900.20250220-2013\jars\maven-resolver-impl-1.9.22.jar
2025-09-02 14:13:04,838 [Worker-54: Launching Executing test in D__QA_SQA_LAB9_mockito-junit-labdemo] INFO  o.eclipse.m2e.core.internal.Bundles - 	Entry: C:\Users\ROG STRIX\.p2\pool\plugins\org.eclipse.m2e.maven.runtime_3.9.900.20250220-2013\jars\maven-resolver-named-locks-1.9.22.jar
2025-09-02 14:13:04,838 [Worker-54: Launching Executing test in D__QA_SQA_LAB9_mockito-junit-labdemo] INFO  o.eclipse.m2e.core.internal.Bundles - 	Entry: C:\Users\ROG STRIX\.p2\pool\plugins\org.eclipse.m2e.maven.runtime_3.9.900.20250220-2013\jars\maven-resolver-provider-3.9.9.jar
2025-09-02 14:13:04,838 [Worker-54: Launching Executing test in D__QA_SQA_LAB9_mockito-junit-labdemo] INFO  o.eclipse.m2e.core.internal.Bundles - 	Entry: C:\Users\ROG STRIX\.p2\pool\plugins\org.eclipse.m2e.maven.runtime_3.9.900.20250220-2013\jars\maven-resolver-spi-1.9.22.jar
2025-09-02 14:13:04,838 [Worker-54: Launching Executing test in D__QA_SQA_LAB9_mockito-junit-labdemo] INFO  o.eclipse.m2e.core.internal.Bundles - 	Entry: C:\Users\ROG STRIX\.p2\pool\plugins\org.eclipse.m2e.maven.runtime_3.9.900.20250220-2013\jars\maven-resolver-transport-file-1.9.22.jar
2025-09-02 14:13:04,839 [Worker-54: Launching Executing test in D__QA_SQA_LAB9_mockito-junit-labdemo] INFO  o.eclipse.m2e.core.internal.Bundles - 	Entry: C:\Users\ROG STRIX\.p2\pool\plugins\org.eclipse.m2e.maven.runtime_3.9.900.20250220-2013\jars\maven-resolver-transport-http-1.9.22.jar
2025-09-02 14:13:04,839 [Worker-54: Launching Executing test in D__QA_SQA_LAB9_mockito-junit-labdemo] INFO  o.eclipse.m2e.core.internal.Bundles - 	Entry: C:\Users\ROG STRIX\.p2\pool\plugins\org.eclipse.m2e.maven.runtime_3.9.900.20250220-2013\jars\maven-resolver-transport-wagon-1.9.22.jar
2025-09-02 14:13:04,839 [Worker-54: Launching Executing test in D__QA_SQA_LAB9_mockito-junit-labdemo] INFO  o.eclipse.m2e.core.internal.Bundles - 	Entry: C:\Users\ROG STRIX\.p2\pool\plugins\org.eclipse.m2e.maven.runtime_3.9.900.20250220-2013\jars\maven-resolver-util-1.9.22.jar
2025-09-02 14:13:04,839 [Worker-54: Launching Executing test in D__QA_SQA_LAB9_mockito-junit-labdemo] INFO  o.eclipse.m2e.core.internal.Bundles - 	Entry: C:\Users\ROG STRIX\.p2\pool\plugins\org.eclipse.m2e.maven.runtime_3.9.900.20250220-2013\jars\maven-settings-3.9.9.jar
2025-09-02 14:13:04,839 [Worker-54: Launching Executing test in D__QA_SQA_LAB9_mockito-junit-labdemo] INFO  o.eclipse.m2e.core.internal.Bundles - 	Entry: C:\Users\ROG STRIX\.p2\pool\plugins\org.eclipse.m2e.maven.runtime_3.9.900.20250220-2013\jars\maven-settings-builder-3.9.9.jar
2025-09-02 14:13:04,839 [Worker-54: Launching Executing test in D__QA_SQA_LAB9_mockito-junit-labdemo] INFO  o.eclipse.m2e.core.internal.Bundles - 	Entry: C:\Users\ROG STRIX\.p2\pool\plugins\org.eclipse.m2e.maven.runtime_3.9.900.20250220-2013\jars\maven-shared-utils-3.4.2.jar
2025-09-02 14:13:04,839 [Worker-54: Launching Executing test in D__QA_SQA_LAB9_mockito-junit-labdemo] INFO  o.eclipse.m2e.core.internal.Bundles - 	Entry: C:\Users\ROG STRIX\.p2\pool\plugins\org.eclipse.m2e.maven.runtime_3.9.900.20250220-2013\jars\org.eclipse.sisu.inject-0.9.0.M3.jar
2025-09-02 14:13:04,839 [Worker-54: Launching Executing test in D__QA_SQA_LAB9_mockito-junit-labdemo] INFO  o.eclipse.m2e.core.internal.Bundles - 	Entry: C:\Users\ROG STRIX\.p2\pool\plugins\org.eclipse.m2e.maven.runtime_3.9.900.20250220-2013\jars\org.eclipse.sisu.plexus-0.9.0.M3.jar
2025-09-02 14:13:04,839 [Worker-54: Launching Executing test in D__QA_SQA_LAB9_mockito-junit-labdemo] INFO  o.eclipse.m2e.core.internal.Bundles - 	Entry: C:\Users\ROG STRIX\.p2\pool\plugins\org.eclipse.m2e.maven.runtime_3.9.900.20250220-2013\jars\plexus-build-api-0.0.7.jar
2025-09-02 14:13:04,839 [Worker-54: Launching Executing test in D__QA_SQA_LAB9_mockito-junit-labdemo] INFO  o.eclipse.m2e.core.internal.Bundles - 	Entry: C:\Users\ROG STRIX\.p2\pool\plugins\org.eclipse.m2e.maven.runtime_3.9.900.20250220-2013\jars\plexus-build-api-1.2.0.jar
2025-09-02 14:13:04,839 [Worker-54: Launching Executing test in D__QA_SQA_LAB9_mockito-junit-labdemo] INFO  o.eclipse.m2e.core.internal.Bundles - 	Entry: C:\Users\ROG STRIX\.p2\pool\plugins\org.eclipse.m2e.maven.runtime_3.9.900.20250220-2013\jars\plexus-cipher-2.0.jar
2025-09-02 14:13:04,839 [Worker-54: Launching Executing test in D__QA_SQA_LAB9_mockito-junit-labdemo] INFO  o.eclipse.m2e.core.internal.Bundles - 	Entry: C:\Users\ROG STRIX\.p2\pool\plugins\org.eclipse.m2e.maven.runtime_3.9.900.20250220-2013\jars\plexus-classworlds-2.8.0.jar
2025-09-02 14:13:04,840 [Worker-54: Launching Executing test in D__QA_SQA_LAB9_mockito-junit-labdemo] INFO  o.eclipse.m2e.core.internal.Bundles - 	Entry: C:\Users\ROG STRIX\.p2\pool\plugins\org.eclipse.m2e.maven.runtime_3.9.900.20250220-2013\jars\plexus-component-annotations-2.1.0.jar
2025-09-02 14:13:04,840 [Worker-54: Launching Executing test in D__QA_SQA_LAB9_mockito-junit-labdemo] INFO  o.eclipse.m2e.core.internal.Bundles - 	Entry: C:\Users\ROG STRIX\.p2\pool\plugins\org.eclipse.m2e.maven.runtime_3.9.900.20250220-2013\jars\plexus-interpolation-1.27.jar
2025-09-02 14:13:04,840 [Worker-54: Launching Executing test in D__QA_SQA_LAB9_mockito-junit-labdemo] INFO  o.eclipse.m2e.core.internal.Bundles - 	Entry: C:\Users\ROG STRIX\.p2\pool\plugins\org.eclipse.m2e.maven.runtime_3.9.900.20250220-2013\jars\plexus-sec-dispatcher-2.0.jar
2025-09-02 14:13:04,840 [Worker-54: Launching Executing test in D__QA_SQA_LAB9_mockito-junit-labdemo] INFO  o.eclipse.m2e.core.internal.Bundles - 	Entry: C:\Users\ROG STRIX\.p2\pool\plugins\org.eclipse.m2e.maven.runtime_3.9.900.20250220-2013\jars\plexus-utils-3.5.1.jar
2025-09-02 14:13:04,840 [Worker-54: Launching Executing test in D__QA_SQA_LAB9_mockito-junit-labdemo] INFO  o.eclipse.m2e.core.internal.Bundles - 	Entry: C:\Users\ROG STRIX\.p2\pool\plugins\org.eclipse.m2e.maven.runtime_3.9.900.20250220-2013\jars\plexus-xml-3.0.1.jar
2025-09-02 14:13:04,840 [Worker-54: Launching Executing test in D__QA_SQA_LAB9_mockito-junit-labdemo] INFO  o.eclipse.m2e.core.internal.Bundles - 	Entry: C:\Users\ROG STRIX\.p2\pool\plugins\org.eclipse.m2e.maven.runtime_3.9.900.20250220-2013\jars\wagon-file-3.5.3.jar
2025-09-02 14:13:04,840 [Worker-54: Launching Executing test in D__QA_SQA_LAB9_mockito-junit-labdemo] INFO  o.eclipse.m2e.core.internal.Bundles - 	Entry: C:\Users\ROG STRIX\.p2\pool\plugins\org.eclipse.m2e.maven.runtime_3.9.900.20250220-2013\jars\wagon-http-3.5.3.jar
2025-09-02 14:13:04,840 [Worker-54: Launching Executing test in D__QA_SQA_LAB9_mockito-junit-labdemo] INFO  o.eclipse.m2e.core.internal.Bundles - 	Entry: C:\Users\ROG STRIX\.p2\pool\plugins\org.eclipse.m2e.maven.runtime_3.9.900.20250220-2013\jars\wagon-http-shared-3.5.3.jar
2025-09-02 14:13:04,840 [Worker-54: Launching Executing test in D__QA_SQA_LAB9_mockito-junit-labdemo] INFO  o.eclipse.m2e.core.internal.Bundles - 	Entry: C:\Users\ROG STRIX\.p2\pool\plugins\org.eclipse.m2e.maven.runtime_3.9.900.20250220-2013\jars\wagon-provider-api-3.5.3.jar
2025-09-02 14:13:04,841 [Worker-54: Launching Executing test in D__QA_SQA_LAB9_mockito-junit-labdemo] INFO  o.eclipse.m2e.core.internal.Bundles - getClasspathEntries(Bundle=com.google.guava_33.4.8.jre [18])
2025-09-02 14:13:04,842 [Worker-54: Launching Executing test in D__QA_SQA_LAB9_mockito-junit-labdemo] INFO  o.eclipse.m2e.core.internal.Bundles - 	Entry: C:\Users\ROG STRIX\.p2\pool\plugins\com.google.guava_33.4.8.jre.jar
2025-09-02 14:13:04,842 [Worker-54: Launching Executing test in D__QA_SQA_LAB9_mockito-junit-labdemo] INFO  o.eclipse.m2e.core.internal.Bundles - getClasspathEntries(Bundle=slf4j.api_2.0.17 [1004])
2025-09-02 14:13:04,842 [Worker-54: Launching Executing test in D__QA_SQA_LAB9_mockito-junit-labdemo] INFO  o.eclipse.m2e.core.internal.Bundles - 	Entry: C:\Users\ROG STRIX\.p2\pool\plugins\slf4j.api_2.0.17.jar
2025-09-02 14:13:04,843 [Worker-54: Launching Executing test in D__QA_SQA_LAB9_mockito-junit-labdemo] INFO  o.eclipse.m2e.core.internal.Bundles - getClasspathEntries(Bundle=jakarta.inject.jakarta.inject-api_1.0.5 [35])
2025-09-02 14:13:04,843 [Worker-54: Launching Executing test in D__QA_SQA_LAB9_mockito-junit-labdemo] INFO  o.eclipse.m2e.core.internal.Bundles - 	Entry: C:\Users\ROG STRIX\.p2\pool\plugins\jakarta.inject.jakarta.inject-api_1.0.5.jar
2025-09-02 14:13:04,843 [Worker-54: Launching Executing test in D__QA_SQA_LAB9_mockito-junit-labdemo] INFO  o.eclipse.m2e.core.internal.Bundles - getClasspathEntries(Bundle=javax.annotation_1.3.5.v20200909-1856 [45])
2025-09-02 14:13:04,843 [Worker-54: Launching Executing test in D__QA_SQA_LAB9_mockito-junit-labdemo] INFO  o.eclipse.m2e.core.internal.Bundles - 	Entry: C:\Users\ROG STRIX\.p2\pool\plugins\javax.annotation_1.3.5.v20200909-1856.jar
2025-09-02 14:13:04,843 [Worker-54: Launching Executing test in D__QA_SQA_LAB9_mockito-junit-labdemo] INFO  o.eclipse.m2e.core.internal.Bundles - getClasspathEntries(Bundle=org.apache.commons.cli_1.9.0 [76])
2025-09-02 14:13:04,844 [Worker-54: Launching Executing test in D__QA_SQA_LAB9_mockito-junit-labdemo] INFO  o.eclipse.m2e.core.internal.Bundles - 	Entry: C:\Users\ROG STRIX\.p2\pool\plugins\org.apache.commons.cli_1.9.0.jar
2025-09-02 14:13:04,844 [Worker-54: Launching Executing test in D__QA_SQA_LAB9_mockito-junit-labdemo] INFO  o.eclipse.m2e.core.internal.Bundles - getClasspathEntries(Bundle=org.apache.commons.commons-codec_1.16.0 [78])
2025-09-02 14:13:04,844 [Worker-54: Launching Executing test in D__QA_SQA_LAB9_mockito-junit-labdemo] INFO  o.eclipse.m2e.core.internal.Bundles - 	Entry: C:\Users\ROG STRIX\.p2\pool\plugins\org.apache.commons.commons-codec_1.16.0.jar
2025-09-02 14:13:04,844 [Worker-54: Launching Executing test in D__QA_SQA_LAB9_mockito-junit-labdemo] INFO  o.eclipse.m2e.core.internal.Bundles - getClasspathEntries(Bundle=com.google.guava.failureaccess_1.0.3 [19])
2025-09-02 14:13:04,844 [Worker-54: Launching Executing test in D__QA_SQA_LAB9_mockito-junit-labdemo] INFO  o.eclipse.m2e.core.internal.Bundles - 	Entry: C:\Users\ROG STRIX\.p2\pool\plugins\com.google.guava.failureaccess_1.0.3.jar
2025-09-02 14:13:04,847 [Worker-54: Launching Executing test in D__QA_SQA_LAB9_mockito-junit-labdemo] INFO  o.e.m.i.launch.MavenLaunchDelegate - Run build in "D:\QA\SQA_LAB9\mockito-junit-labdemo":
2025-09-02 14:13:04,852 [Worker-54: Launching Executing test in D__QA_SQA_LAB9_mockito-junit-labdemo] INFO  o.e.m.i.launch.MavenLaunchDelegate -  mvn  -B -Dstyle.color=always test
2025-09-02 14:13:20,407 [main] INFO  o.e.m.jdt.internal.UnitTestSupport - Updating BookCatalogueImplTest from maven configuration
2025-09-02 14:13:21,334 [Worker-60: Launching BookCatalogueImplTest] INFO  o.e.m.c.i.e.AbstractTransferListenerAdapter - Downloading https://repo.maven.apache.org/maven2/org/junit/platform/junit-platform-launcher/1.13.4/junit-platform-launcher-1.13.4.jar
2025-09-02 14:13:21,366 [Worker-60: Launching BookCatalogueImplTest] INFO  o.e.m.c.i.e.AbstractTransferListenerAdapter - Downloaded https://repo.maven.apache.org/maven2/org/junit/platform/junit-platform-launcher/1.13.4/junit-platform-launcher-1.13.4.jar
2025-09-02 14:27:54,384 [Worker-65: Building] INFO  o.e.m.c.i.l.LifecycleMappingFactory - Using org.eclipse.m2e.jdt.JarLifecycleMapping lifecycle mapping for MavenProject: com.sqa.labdemo:mockito-junit-labdemo:0.0.1-SNAPSHOT @ D:\QA\SQA_LAB9\mockito-junit-labdemo\pom.xml.
2025-09-02 14:27:54,597 [Worker-65: Building] WARN  o.a.m.s.f.DefaultMavenResourcesFiltering - Using platform encoding (UTF-8 actually) to copy filtered resources, i.e. build is platform dependent!
2025-09-02 14:27:54,601 [Worker-65: Building] INFO  o.a.m.s.f.DefaultMavenResourcesFiltering - Copying 0 resource from src\main\resources to target\classes
2025-09-02 14:27:54,608 [Worker-65: Building] WARN  o.a.m.s.f.DefaultMavenResourcesFiltering - Using platform encoding (UTF-8 actually) to copy filtered resources, i.e. build is platform dependent!
2025-09-02 14:27:54,610 [Worker-65: Building] INFO  o.a.m.s.f.DefaultMavenResourcesFiltering - Copying 0 resource from src\test\resources to target\test-classes
2025-09-02 14:27:56,091 [Worker-66: Building] WARN  o.a.m.s.f.DefaultMavenResourcesFiltering - Using platform encoding (UTF-8 actually) to copy filtered resources, i.e. build is platform dependent!
2025-09-02 14:27:56,092 [Worker-66: Building] INFO  o.a.m.s.f.DefaultMavenResourcesFiltering - Copying 0 resource from src\main\resources to target\classes
2025-09-02 14:27:56,094 [Worker-66: Building] WARN  o.a.m.s.f.DefaultMavenResourcesFiltering - Using platform encoding (UTF-8 actually) to copy filtered resources, i.e. build is platform dependent!
2025-09-02 14:27:56,095 [Worker-66: Building] INFO  o.a.m.s.f.DefaultMavenResourcesFiltering - Copying 0 resource from src\test\resources to target\test-classes
2025-09-02 14:28:03,529 [Worker-62: Updating Maven Project] INFO  o.e.m.c.i.p.ProjectConfigurationManager - Update started
2025-09-02 14:28:03,715 [Worker-62: Updating Maven Project] INFO  o.e.m.c.i.l.LifecycleMappingFactory - Using org.eclipse.m2e.jdt.JarLifecycleMapping lifecycle mapping for MavenProject: com.sqa.labdemo:mockito-junit-labdemo:0.0.1-SNAPSHOT @ D:\QA\SQA_LAB9\mockito-junit-labdemo\pom.xml.
2025-09-02 14:28:03,875 [Worker-62: Updating Maven Project] INFO  o.e.m.j.i.AbstractJavaProjectConfigurator - Adding source folder /mockito-junit-labdemo/src/main/java
2025-09-02 14:28:03,877 [Worker-62: Updating Maven Project] INFO  o.e.m.j.i.AbstractJavaProjectConfigurator - Adding resource folder /mockito-junit-labdemo/src/main/resources
2025-09-02 14:28:03,878 [Worker-62: Updating Maven Project] INFO  o.e.m.j.i.AbstractJavaProjectConfigurator - Adding source folder /mockito-junit-labdemo/src/test/java
2025-09-02 14:28:03,879 [Worker-62: Updating Maven Project] INFO  o.e.m.j.i.AbstractJavaProjectConfigurator - Adding resource folder /mockito-junit-labdemo/src/test/resources
2025-09-02 14:28:03,915 [Worker-62: Updating Maven Project] INFO  o.e.m.jdt.internal.UnitTestSupport - Reset launch configuration name: BookCatalogueImplTest
2025-09-02 14:28:03,915 [Worker-62: Updating Maven Project] INFO  o.e.m.jdt.internal.UnitTestSupport - Updating BookCatalogueImplTest from maven configuration
2025-09-02 14:28:04,368 [Worker-62: Updating Maven Project] INFO  o.e.m.c.i.p.ProjectConfigurationManager - Update completed for 1 poms: local refresh takes 0.00 sec, refresh facades takes 0.00 sec, update config takes 0.00 sec 
2025-09-02 14:28:04,523 [Worker-66: Building] WARN  o.a.m.s.f.DefaultMavenResourcesFiltering - Using platform encoding (UTF-8 actually) to copy filtered resources, i.e. build is platform dependent!
2025-09-02 14:28:04,524 [Worker-66: Building] INFO  o.a.m.s.f.DefaultMavenResourcesFiltering - Copying 0 resource from src\main\resources to target\classes
2025-09-02 14:28:04,527 [Worker-66: Building] WARN  o.a.m.s.f.DefaultMavenResourcesFiltering - Using platform encoding (UTF-8 actually) to copy filtered resources, i.e. build is platform dependent!
2025-09-02 14:28:04,528 [Worker-66: Building] INFO  o.a.m.s.f.DefaultMavenResourcesFiltering - Copying 0 resource from src\test\resources to target\test-classes
2025-09-02 14:31:25,109 [Worker-67: Building] WARN  o.a.m.s.f.DefaultMavenResourcesFiltering - Using platform encoding (UTF-8 actually) to copy filtered resources, i.e. build is platform dependent!
2025-09-02 14:31:25,112 [Worker-67: Building] INFO  o.a.m.s.f.DefaultMavenResourcesFiltering - Copying 0 resource from src\main\resources to target\classes
2025-09-02 14:31:25,114 [Worker-67: Building] WARN  o.a.m.s.f.DefaultMavenResourcesFiltering - Using platform encoding (UTF-8 actually) to copy filtered resources, i.e. build is platform dependent!
2025-09-02 14:31:25,115 [Worker-67: Building] INFO  o.a.m.s.f.DefaultMavenResourcesFiltering - Copying 0 resource from src\test\resources to target\test-classes
2025-09-02 14:31:44,923 [Worker-66: Building] WARN  o.a.m.s.f.DefaultMavenResourcesFiltering - Using platform encoding (UTF-8 actually) to copy filtered resources, i.e. build is platform dependent!
2025-09-02 14:31:44,924 [Worker-66: Building] INFO  o.a.m.s.f.DefaultMavenResourcesFiltering - Copying 0 resource from src\main\resources to target\classes
2025-09-02 14:31:44,926 [Worker-66: Building] WARN  o.a.m.s.f.DefaultMavenResourcesFiltering - Using platform encoding (UTF-8 actually) to copy filtered resources, i.e. build is platform dependent!
2025-09-02 14:31:44,927 [Worker-66: Building] INFO  o.a.m.s.f.DefaultMavenResourcesFiltering - Copying 0 resource from src\test\resources to target\test-classes
2025-09-02 14:32:06,719 [Worker-67: Launching Executing test in D__QA_SQA_LAB9_mockito-junit-labdemo] INFO  o.eclipse.m2e.core.internal.Bundles - getClasspathEntries(Bundle=org.eclipse.m2e.maven.runtime_3.9.900.20250220-2013 [639])
2025-09-02 14:32:06,719 [Worker-67: Launching Executing test in D__QA_SQA_LAB9_mockito-junit-labdemo] INFO  o.eclipse.m2e.core.internal.Bundles - 	Entry: C:\Users\ROG STRIX\.p2\pool\plugins\org.eclipse.m2e.maven.runtime_3.9.900.20250220-2013
2025-09-02 14:32:06,719 [Worker-67: Launching Executing test in D__QA_SQA_LAB9_mockito-junit-labdemo] INFO  o.eclipse.m2e.core.internal.Bundles - 	Entry: C:\Users\ROG STRIX\.p2\pool\plugins\org.eclipse.m2e.maven.runtime_3.9.900.20250220-2013\jars\aopalliance-1.0.jar
2025-09-02 14:32:06,720 [Worker-67: Launching Executing test in D__QA_SQA_LAB9_mockito-junit-labdemo] INFO  o.eclipse.m2e.core.internal.Bundles - 	Entry: C:\Users\ROG STRIX\.p2\pool\plugins\org.eclipse.m2e.maven.runtime_3.9.900.20250220-2013\jars\guice-5.1.0.jar
2025-09-02 14:32:06,720 [Worker-67: Launching Executing test in D__QA_SQA_LAB9_mockito-junit-labdemo] INFO  o.eclipse.m2e.core.internal.Bundles - 	Entry: C:\Users\ROG STRIX\.p2\pool\plugins\org.eclipse.m2e.maven.runtime_3.9.900.20250220-2013\jars\httpclient-4.5.14.jar
2025-09-02 14:32:06,720 [Worker-67: Launching Executing test in D__QA_SQA_LAB9_mockito-junit-labdemo] INFO  o.eclipse.m2e.core.internal.Bundles - 	Entry: C:\Users\ROG STRIX\.p2\pool\plugins\org.eclipse.m2e.maven.runtime_3.9.900.20250220-2013\jars\httpcore-4.4.16.jar
2025-09-02 14:32:06,720 [Worker-67: Launching Executing test in D__QA_SQA_LAB9_mockito-junit-labdemo] INFO  o.eclipse.m2e.core.internal.Bundles - 	Entry: C:\Users\ROG STRIX\.p2\pool\plugins\org.eclipse.m2e.maven.runtime_3.9.900.20250220-2013\jars\jansi-2.4.1.jar
2025-09-02 14:32:06,720 [Worker-67: Launching Executing test in D__QA_SQA_LAB9_mockito-junit-labdemo] INFO  o.eclipse.m2e.core.internal.Bundles - 	Entry: C:\Users\ROG STRIX\.p2\pool\plugins\org.eclipse.m2e.maven.runtime_3.9.900.20250220-2013\jars\jcl-over-slf4j-1.7.36.jar
2025-09-02 14:32:06,720 [Worker-67: Launching Executing test in D__QA_SQA_LAB9_mockito-junit-labdemo] INFO  o.eclipse.m2e.core.internal.Bundles - 	Entry: C:\Users\ROG STRIX\.p2\pool\plugins\org.eclipse.m2e.maven.runtime_3.9.900.20250220-2013\jars\maven-artifact-3.9.9.jar
2025-09-02 14:32:06,720 [Worker-67: Launching Executing test in D__QA_SQA_LAB9_mockito-junit-labdemo] INFO  o.eclipse.m2e.core.internal.Bundles - 	Entry: C:\Users\ROG STRIX\.p2\pool\plugins\org.eclipse.m2e.maven.runtime_3.9.900.20250220-2013\jars\maven-builder-support-3.9.9.jar
2025-09-02 14:32:06,720 [Worker-67: Launching Executing test in D__QA_SQA_LAB9_mockito-junit-labdemo] INFO  o.eclipse.m2e.core.internal.Bundles - 	Entry: C:\Users\ROG STRIX\.p2\pool\plugins\org.eclipse.m2e.maven.runtime_3.9.900.20250220-2013\jars\maven-compat-3.9.9.jar
2025-09-02 14:32:06,720 [Worker-67: Launching Executing test in D__QA_SQA_LAB9_mockito-junit-labdemo] INFO  o.eclipse.m2e.core.internal.Bundles - 	Entry: C:\Users\ROG STRIX\.p2\pool\plugins\org.eclipse.m2e.maven.runtime_3.9.900.20250220-2013\jars\maven-core-3.9.9.jar
2025-09-02 14:32:06,720 [Worker-67: Launching Executing test in D__QA_SQA_LAB9_mockito-junit-labdemo] INFO  o.eclipse.m2e.core.internal.Bundles - 	Entry: C:\Users\ROG STRIX\.p2\pool\plugins\org.eclipse.m2e.maven.runtime_3.9.900.20250220-2013\jars\maven-embedder-3.9.9.jar
2025-09-02 14:32:06,720 [Worker-67: Launching Executing test in D__QA_SQA_LAB9_mockito-junit-labdemo] INFO  o.eclipse.m2e.core.internal.Bundles - 	Entry: C:\Users\ROG STRIX\.p2\pool\plugins\org.eclipse.m2e.maven.runtime_3.9.900.20250220-2013\jars\maven-model-3.9.9.jar
2025-09-02 14:32:06,720 [Worker-67: Launching Executing test in D__QA_SQA_LAB9_mockito-junit-labdemo] INFO  o.eclipse.m2e.core.internal.Bundles - 	Entry: C:\Users\ROG STRIX\.p2\pool\plugins\org.eclipse.m2e.maven.runtime_3.9.900.20250220-2013\jars\maven-model-builder-3.9.9.jar
2025-09-02 14:32:06,720 [Worker-67: Launching Executing test in D__QA_SQA_LAB9_mockito-junit-labdemo] INFO  o.eclipse.m2e.core.internal.Bundles - 	Entry: C:\Users\ROG STRIX\.p2\pool\plugins\org.eclipse.m2e.maven.runtime_3.9.900.20250220-2013\jars\maven-plugin-api-3.9.9.jar
2025-09-02 14:32:06,721 [Worker-67: Launching Executing test in D__QA_SQA_LAB9_mockito-junit-labdemo] INFO  o.eclipse.m2e.core.internal.Bundles - 	Entry: C:\Users\ROG STRIX\.p2\pool\plugins\org.eclipse.m2e.maven.runtime_3.9.900.20250220-2013\jars\maven-repository-metadata-3.9.9.jar
2025-09-02 14:32:06,721 [Worker-67: Launching Executing test in D__QA_SQA_LAB9_mockito-junit-labdemo] INFO  o.eclipse.m2e.core.internal.Bundles - 	Entry: C:\Users\ROG STRIX\.p2\pool\plugins\org.eclipse.m2e.maven.runtime_3.9.900.20250220-2013\jars\maven-resolver-api-1.9.22.jar
2025-09-02 14:32:06,721 [Worker-67: Launching Executing test in D__QA_SQA_LAB9_mockito-junit-labdemo] INFO  o.eclipse.m2e.core.internal.Bundles - 	Entry: C:\Users\ROG STRIX\.p2\pool\plugins\org.eclipse.m2e.maven.runtime_3.9.900.20250220-2013\jars\maven-resolver-connector-basic-1.9.22.jar
2025-09-02 14:32:06,721 [Worker-67: Launching Executing test in D__QA_SQA_LAB9_mockito-junit-labdemo] INFO  o.eclipse.m2e.core.internal.Bundles - 	Entry: C:\Users\ROG STRIX\.p2\pool\plugins\org.eclipse.m2e.maven.runtime_3.9.900.20250220-2013\jars\maven-resolver-impl-1.9.22.jar
2025-09-02 14:32:06,721 [Worker-67: Launching Executing test in D__QA_SQA_LAB9_mockito-junit-labdemo] INFO  o.eclipse.m2e.core.internal.Bundles - 	Entry: C:\Users\ROG STRIX\.p2\pool\plugins\org.eclipse.m2e.maven.runtime_3.9.900.20250220-2013\jars\maven-resolver-named-locks-1.9.22.jar
2025-09-02 14:32:06,721 [Worker-67: Launching Executing test in D__QA_SQA_LAB9_mockito-junit-labdemo] INFO  o.eclipse.m2e.core.internal.Bundles - 	Entry: C:\Users\ROG STRIX\.p2\pool\plugins\org.eclipse.m2e.maven.runtime_3.9.900.20250220-2013\jars\maven-resolver-provider-3.9.9.jar
2025-09-02 14:32:06,721 [Worker-67: Launching Executing test in D__QA_SQA_LAB9_mockito-junit-labdemo] INFO  o.eclipse.m2e.core.internal.Bundles - 	Entry: C:\Users\ROG STRIX\.p2\pool\plugins\org.eclipse.m2e.maven.runtime_3.9.900.20250220-2013\jars\maven-resolver-spi-1.9.22.jar
2025-09-02 14:32:06,721 [Worker-67: Launching Executing test in D__QA_SQA_LAB9_mockito-junit-labdemo] INFO  o.eclipse.m2e.core.internal.Bundles - 	Entry: C:\Users\ROG STRIX\.p2\pool\plugins\org.eclipse.m2e.maven.runtime_3.9.900.20250220-2013\jars\maven-resolver-transport-file-1.9.22.jar
2025-09-02 14:32:06,721 [Worker-67: Launching Executing test in D__QA_SQA_LAB9_mockito-junit-labdemo] INFO  o.eclipse.m2e.core.internal.Bundles - 	Entry: C:\Users\ROG STRIX\.p2\pool\plugins\org.eclipse.m2e.maven.runtime_3.9.900.20250220-2013\jars\maven-resolver-transport-http-1.9.22.jar
2025-09-02 14:32:06,721 [Worker-67: Launching Executing test in D__QA_SQA_LAB9_mockito-junit-labdemo] INFO  o.eclipse.m2e.core.internal.Bundles - 	Entry: C:\Users\ROG STRIX\.p2\pool\plugins\org.eclipse.m2e.maven.runtime_3.9.900.20250220-2013\jars\maven-resolver-transport-wagon-1.9.22.jar
2025-09-02 14:32:06,721 [Worker-67: Launching Executing test in D__QA_SQA_LAB9_mockito-junit-labdemo] INFO  o.eclipse.m2e.core.internal.Bundles - 	Entry: C:\Users\ROG STRIX\.p2\pool\plugins\org.eclipse.m2e.maven.runtime_3.9.900.20250220-2013\jars\maven-resolver-util-1.9.22.jar
2025-09-02 14:32:06,721 [Worker-67: Launching Executing test in D__QA_SQA_LAB9_mockito-junit-labdemo] INFO  o.eclipse.m2e.core.internal.Bundles - 	Entry: C:\Users\ROG STRIX\.p2\pool\plugins\org.eclipse.m2e.maven.runtime_3.9.900.20250220-2013\jars\maven-settings-3.9.9.jar
2025-09-02 14:32:06,722 [Worker-67: Launching Executing test in D__QA_SQA_LAB9_mockito-junit-labdemo] INFO  o.eclipse.m2e.core.internal.Bundles - 	Entry: C:\Users\ROG STRIX\.p2\pool\plugins\org.eclipse.m2e.maven.runtime_3.9.900.20250220-2013\jars\maven-settings-builder-3.9.9.jar
2025-09-02 14:32:06,722 [Worker-67: Launching Executing test in D__QA_SQA_LAB9_mockito-junit-labdemo] INFO  o.eclipse.m2e.core.internal.Bundles - 	Entry: C:\Users\ROG STRIX\.p2\pool\plugins\org.eclipse.m2e.maven.runtime_3.9.900.20250220-2013\jars\maven-shared-utils-3.4.2.jar
2025-09-02 14:32:06,722 [Worker-67: Launching Executing test in D__QA_SQA_LAB9_mockito-junit-labdemo] INFO  o.eclipse.m2e.core.internal.Bundles - 	Entry: C:\Users\ROG STRIX\.p2\pool\plugins\org.eclipse.m2e.maven.runtime_3.9.900.20250220-2013\jars\org.eclipse.sisu.inject-0.9.0.M3.jar
2025-09-02 14:32:06,722 [Worker-67: Launching Executing test in D__QA_SQA_LAB9_mockito-junit-labdemo] INFO  o.eclipse.m2e.core.internal.Bundles - 	Entry: C:\Users\ROG STRIX\.p2\pool\plugins\org.eclipse.m2e.maven.runtime_3.9.900.20250220-2013\jars\org.eclipse.sisu.plexus-0.9.0.M3.jar
2025-09-02 14:32:06,722 [Worker-67: Launching Executing test in D__QA_SQA_LAB9_mockito-junit-labdemo] INFO  o.eclipse.m2e.core.internal.Bundles - 	Entry: C:\Users\ROG STRIX\.p2\pool\plugins\org.eclipse.m2e.maven.runtime_3.9.900.20250220-2013\jars\plexus-build-api-0.0.7.jar
2025-09-02 14:32:06,722 [Worker-67: Launching Executing test in D__QA_SQA_LAB9_mockito-junit-labdemo] INFO  o.eclipse.m2e.core.internal.Bundles - 	Entry: C:\Users\ROG STRIX\.p2\pool\plugins\org.eclipse.m2e.maven.runtime_3.9.900.20250220-2013\jars\plexus-build-api-1.2.0.jar
2025-09-02 14:32:06,722 [Worker-67: Launching Executing test in D__QA_SQA_LAB9_mockito-junit-labdemo] INFO  o.eclipse.m2e.core.internal.Bundles - 	Entry: C:\Users\ROG STRIX\.p2\pool\plugins\org.eclipse.m2e.maven.runtime_3.9.900.20250220-2013\jars\plexus-cipher-2.0.jar
2025-09-02 14:32:06,722 [Worker-67: Launching Executing test in D__QA_SQA_LAB9_mockito-junit-labdemo] INFO  o.eclipse.m2e.core.internal.Bundles - 	Entry: C:\Users\ROG STRIX\.p2\pool\plugins\org.eclipse.m2e.maven.runtime_3.9.900.20250220-2013\jars\plexus-classworlds-2.8.0.jar
2025-09-02 14:32:06,722 [Worker-67: Launching Executing test in D__QA_SQA_LAB9_mockito-junit-labdemo] INFO  o.eclipse.m2e.core.internal.Bundles - 	Entry: C:\Users\ROG STRIX\.p2\pool\plugins\org.eclipse.m2e.maven.runtime_3.9.900.20250220-2013\jars\plexus-component-annotations-2.1.0.jar
2025-09-02 14:32:06,722 [Worker-67: Launching Executing test in D__QA_SQA_LAB9_mockito-junit-labdemo] INFO  o.eclipse.m2e.core.internal.Bundles - 	Entry: C:\Users\ROG STRIX\.p2\pool\plugins\org.eclipse.m2e.maven.runtime_3.9.900.20250220-2013\jars\plexus-interpolation-1.27.jar
2025-09-02 14:32:06,722 [Worker-67: Launching Executing test in D__QA_SQA_LAB9_mockito-junit-labdemo] INFO  o.eclipse.m2e.core.internal.Bundles - 	Entry: C:\Users\ROG STRIX\.p2\pool\plugins\org.eclipse.m2e.maven.runtime_3.9.900.20250220-2013\jars\plexus-sec-dispatcher-2.0.jar
2025-09-02 14:32:06,722 [Worker-67: Launching Executing test in D__QA_SQA_LAB9_mockito-junit-labdemo] INFO  o.eclipse.m2e.core.internal.Bundles - 	Entry: C:\Users\ROG STRIX\.p2\pool\plugins\org.eclipse.m2e.maven.runtime_3.9.900.20250220-2013\jars\plexus-utils-3.5.1.jar
2025-09-02 14:32:06,722 [Worker-67: Launching Executing test in D__QA_SQA_LAB9_mockito-junit-labdemo] INFO  o.eclipse.m2e.core.internal.Bundles - 	Entry: C:\Users\ROG STRIX\.p2\pool\plugins\org.eclipse.m2e.maven.runtime_3.9.900.20250220-2013\jars\plexus-xml-3.0.1.jar
2025-09-02 14:32:06,723 [Worker-67: Launching Executing test in D__QA_SQA_LAB9_mockito-junit-labdemo] INFO  o.eclipse.m2e.core.internal.Bundles - 	Entry: C:\Users\ROG STRIX\.p2\pool\plugins\org.eclipse.m2e.maven.runtime_3.9.900.20250220-2013\jars\wagon-file-3.5.3.jar
2025-09-02 14:32:06,723 [Worker-67: Launching Executing test in D__QA_SQA_LAB9_mockito-junit-labdemo] INFO  o.eclipse.m2e.core.internal.Bundles - 	Entry: C:\Users\ROG STRIX\.p2\pool\plugins\org.eclipse.m2e.maven.runtime_3.9.900.20250220-2013\jars\wagon-http-3.5.3.jar
2025-09-02 14:32:06,723 [Worker-67: Launching Executing test in D__QA_SQA_LAB9_mockito-junit-labdemo] INFO  o.eclipse.m2e.core.internal.Bundles - 	Entry: C:\Users\ROG STRIX\.p2\pool\plugins\org.eclipse.m2e.maven.runtime_3.9.900.20250220-2013\jars\wagon-http-shared-3.5.3.jar
2025-09-02 14:32:06,723 [Worker-67: Launching Executing test in D__QA_SQA_LAB9_mockito-junit-labdemo] INFO  o.eclipse.m2e.core.internal.Bundles - 	Entry: C:\Users\ROG STRIX\.p2\pool\plugins\org.eclipse.m2e.maven.runtime_3.9.900.20250220-2013\jars\wagon-provider-api-3.5.3.jar
2025-09-02 14:32:06,723 [Worker-67: Launching Executing test in D__QA_SQA_LAB9_mockito-junit-labdemo] INFO  o.eclipse.m2e.core.internal.Bundles - getClasspathEntries(Bundle=com.google.guava_33.4.8.jre [18])
2025-09-02 14:32:06,723 [Worker-67: Launching Executing test in D__QA_SQA_LAB9_mockito-junit-labdemo] INFO  o.eclipse.m2e.core.internal.Bundles - 	Entry: C:\Users\ROG STRIX\.p2\pool\plugins\com.google.guava_33.4.8.jre.jar
2025-09-02 14:32:06,723 [Worker-67: Launching Executing test in D__QA_SQA_LAB9_mockito-junit-labdemo] INFO  o.eclipse.m2e.core.internal.Bundles - getClasspathEntries(Bundle=slf4j.api_2.0.17 [1004])
2025-09-02 14:32:06,724 [Worker-67: Launching Executing test in D__QA_SQA_LAB9_mockito-junit-labdemo] INFO  o.eclipse.m2e.core.internal.Bundles - 	Entry: C:\Users\ROG STRIX\.p2\pool\plugins\slf4j.api_2.0.17.jar
2025-09-02 14:32:06,724 [Worker-67: Launching Executing test in D__QA_SQA_LAB9_mockito-junit-labdemo] INFO  o.eclipse.m2e.core.internal.Bundles - getClasspathEntries(Bundle=jakarta.inject.jakarta.inject-api_1.0.5 [35])
2025-09-02 14:32:06,724 [Worker-67: Launching Executing test in D__QA_SQA_LAB9_mockito-junit-labdemo] INFO  o.eclipse.m2e.core.internal.Bundles - 	Entry: C:\Users\ROG STRIX\.p2\pool\plugins\jakarta.inject.jakarta.inject-api_1.0.5.jar
2025-09-02 14:32:06,724 [Worker-67: Launching Executing test in D__QA_SQA_LAB9_mockito-junit-labdemo] INFO  o.eclipse.m2e.core.internal.Bundles - getClasspathEntries(Bundle=javax.annotation_1.3.5.v20200909-1856 [45])
2025-09-02 14:32:06,724 [Worker-67: Launching Executing test in D__QA_SQA_LAB9_mockito-junit-labdemo] INFO  o.eclipse.m2e.core.internal.Bundles - 	Entry: C:\Users\ROG STRIX\.p2\pool\plugins\javax.annotation_1.3.5.v20200909-1856.jar
2025-09-02 14:32:06,724 [Worker-67: Launching Executing test in D__QA_SQA_LAB9_mockito-junit-labdemo] INFO  o.eclipse.m2e.core.internal.Bundles - getClasspathEntries(Bundle=org.apache.commons.cli_1.9.0 [76])
2025-09-02 14:32:06,724 [Worker-67: Launching Executing test in D__QA_SQA_LAB9_mockito-junit-labdemo] INFO  o.eclipse.m2e.core.internal.Bundles - 	Entry: C:\Users\ROG STRIX\.p2\pool\plugins\org.apache.commons.cli_1.9.0.jar
2025-09-02 14:32:06,724 [Worker-67: Launching Executing test in D__QA_SQA_LAB9_mockito-junit-labdemo] INFO  o.eclipse.m2e.core.internal.Bundles - getClasspathEntries(Bundle=org.apache.commons.commons-codec_1.16.0 [78])
2025-09-02 14:32:06,725 [Worker-67: Launching Executing test in D__QA_SQA_LAB9_mockito-junit-labdemo] INFO  o.eclipse.m2e.core.internal.Bundles - 	Entry: C:\Users\ROG STRIX\.p2\pool\plugins\org.apache.commons.commons-codec_1.16.0.jar
2025-09-02 14:32:06,725 [Worker-67: Launching Executing test in D__QA_SQA_LAB9_mockito-junit-labdemo] INFO  o.eclipse.m2e.core.internal.Bundles - getClasspathEntries(Bundle=com.google.guava.failureaccess_1.0.3 [19])
2025-09-02 14:32:06,725 [Worker-67: Launching Executing test in D__QA_SQA_LAB9_mockito-junit-labdemo] INFO  o.eclipse.m2e.core.internal.Bundles - 	Entry: C:\Users\ROG STRIX\.p2\pool\plugins\com.google.guava.failureaccess_1.0.3.jar
2025-09-02 14:32:06,726 [Worker-67: Launching Executing test in D__QA_SQA_LAB9_mockito-junit-labdemo] INFO  o.e.m.i.launch.MavenLaunchDelegate - Run build in "D:\QA\SQA_LAB9\mockito-junit-labdemo":
2025-09-02 14:32:06,726 [Worker-67: Launching Executing test in D__QA_SQA_LAB9_mockito-junit-labdemo] INFO  o.e.m.i.launch.MavenLaunchDelegate -  mvn  -B -Dstyle.color=always test
2025-09-02 14:36:21,427 [Worker-70: Building] WARN  o.a.m.s.f.DefaultMavenResourcesFiltering - Using platform encoding (UTF-8 actually) to copy filtered resources, i.e. build is platform dependent!
2025-09-02 14:36:21,428 [Worker-70: Building] INFO  o.a.m.s.f.DefaultMavenResourcesFiltering - Copying 0 resource from src\main\resources to target\classes
2025-09-02 14:36:21,430 [Worker-70: Building] WARN  o.a.m.s.f.DefaultMavenResourcesFiltering - Using platform encoding (UTF-8 actually) to copy filtered resources, i.e. build is platform dependent!
2025-09-02 14:36:21,431 [Worker-70: Building] INFO  o.a.m.s.f.DefaultMavenResourcesFiltering - Copying 0 resource from src\test\resources to target\test-classes
2025-09-02 14:36:37,376 [Worker-63: Building] WARN  o.a.m.s.f.DefaultMavenResourcesFiltering - Using platform encoding (UTF-8 actually) to copy filtered resources, i.e. build is platform dependent!
2025-09-02 14:36:37,377 [Worker-63: Building] INFO  o.a.m.s.f.DefaultMavenResourcesFiltering - Copying 0 resource from src\main\resources to target\classes
2025-09-02 14:36:37,379 [Worker-63: Building] WARN  o.a.m.s.f.DefaultMavenResourcesFiltering - Using platform encoding (UTF-8 actually) to copy filtered resources, i.e. build is platform dependent!
2025-09-02 14:36:37,380 [Worker-63: Building] INFO  o.a.m.s.f.DefaultMavenResourcesFiltering - Copying 0 resource from src\test\resources to target\test-classes
2025-09-02 14:36:47,730 [Worker-71: Launching Executing test in D__QA_SQA_LAB9_mockito-junit-labdemo] INFO  o.eclipse.m2e.core.internal.Bundles - getClasspathEntries(Bundle=org.eclipse.m2e.maven.runtime_3.9.900.20250220-2013 [639])
2025-09-02 14:36:47,730 [Worker-71: Launching Executing test in D__QA_SQA_LAB9_mockito-junit-labdemo] INFO  o.eclipse.m2e.core.internal.Bundles - 	Entry: C:\Users\ROG STRIX\.p2\pool\plugins\org.eclipse.m2e.maven.runtime_3.9.900.20250220-2013
2025-09-02 14:36:47,730 [Worker-71: Launching Executing test in D__QA_SQA_LAB9_mockito-junit-labdemo] INFO  o.eclipse.m2e.core.internal.Bundles - 	Entry: C:\Users\ROG STRIX\.p2\pool\plugins\org.eclipse.m2e.maven.runtime_3.9.900.20250220-2013\jars\aopalliance-1.0.jar
2025-09-02 14:36:47,731 [Worker-71: Launching Executing test in D__QA_SQA_LAB9_mockito-junit-labdemo] INFO  o.eclipse.m2e.core.internal.Bundles - 	Entry: C:\Users\ROG STRIX\.p2\pool\plugins\org.eclipse.m2e.maven.runtime_3.9.900.20250220-2013\jars\guice-5.1.0.jar
2025-09-02 14:36:47,731 [Worker-71: Launching Executing test in D__QA_SQA_LAB9_mockito-junit-labdemo] INFO  o.eclipse.m2e.core.internal.Bundles - 	Entry: C:\Users\ROG STRIX\.p2\pool\plugins\org.eclipse.m2e.maven.runtime_3.9.900.20250220-2013\jars\httpclient-4.5.14.jar
2025-09-02 14:36:47,731 [Worker-71: Launching Executing test in D__QA_SQA_LAB9_mockito-junit-labdemo] INFO  o.eclipse.m2e.core.internal.Bundles - 	Entry: C:\Users\ROG STRIX\.p2\pool\plugins\org.eclipse.m2e.maven.runtime_3.9.900.20250220-2013\jars\httpcore-4.4.16.jar
2025-09-02 14:36:47,731 [Worker-71: Launching Executing test in D__QA_SQA_LAB9_mockito-junit-labdemo] INFO  o.eclipse.m2e.core.internal.Bundles - 	Entry: C:\Users\ROG STRIX\.p2\pool\plugins\org.eclipse.m2e.maven.runtime_3.9.900.20250220-2013\jars\jansi-2.4.1.jar
2025-09-02 14:36:47,731 [Worker-71: Launching Executing test in D__QA_SQA_LAB9_mockito-junit-labdemo] INFO  o.eclipse.m2e.core.internal.Bundles - 	Entry: C:\Users\ROG STRIX\.p2\pool\plugins\org.eclipse.m2e.maven.runtime_3.9.900.20250220-2013\jars\jcl-over-slf4j-1.7.36.jar
2025-09-02 14:36:47,731 [Worker-71: Launching Executing test in D__QA_SQA_LAB9_mockito-junit-labdemo] INFO  o.eclipse.m2e.core.internal.Bundles - 	Entry: C:\Users\ROG STRIX\.p2\pool\plugins\org.eclipse.m2e.maven.runtime_3.9.900.20250220-2013\jars\maven-artifact-3.9.9.jar
2025-09-02 14:36:47,731 [Worker-71: Launching Executing test in D__QA_SQA_LAB9_mockito-junit-labdemo] INFO  o.eclipse.m2e.core.internal.Bundles - 	Entry: C:\Users\ROG STRIX\.p2\pool\plugins\org.eclipse.m2e.maven.runtime_3.9.900.20250220-2013\jars\maven-builder-support-3.9.9.jar
2025-09-02 14:36:47,731 [Worker-71: Launching Executing test in D__QA_SQA_LAB9_mockito-junit-labdemo] INFO  o.eclipse.m2e.core.internal.Bundles - 	Entry: C:\Users\ROG STRIX\.p2\pool\plugins\org.eclipse.m2e.maven.runtime_3.9.900.20250220-2013\jars\maven-compat-3.9.9.jar
2025-09-02 14:36:47,731 [Worker-71: Launching Executing test in D__QA_SQA_LAB9_mockito-junit-labdemo] INFO  o.eclipse.m2e.core.internal.Bundles - 	Entry: C:\Users\ROG STRIX\.p2\pool\plugins\org.eclipse.m2e.maven.runtime_3.9.900.20250220-2013\jars\maven-core-3.9.9.jar
2025-09-02 14:36:47,731 [Worker-71: Launching Executing test in D__QA_SQA_LAB9_mockito-junit-labdemo] INFO  o.eclipse.m2e.core.internal.Bundles - 	Entry: C:\Users\ROG STRIX\.p2\pool\plugins\org.eclipse.m2e.maven.runtime_3.9.900.20250220-2013\jars\maven-embedder-3.9.9.jar
2025-09-02 14:36:47,731 [Worker-71: Launching Executing test in D__QA_SQA_LAB9_mockito-junit-labdemo] INFO  o.eclipse.m2e.core.internal.Bundles - 	Entry: C:\Users\ROG STRIX\.p2\pool\plugins\org.eclipse.m2e.maven.runtime_3.9.900.20250220-2013\jars\maven-model-3.9.9.jar
2025-09-02 14:36:47,731 [Worker-71: Launching Executing test in D__QA_SQA_LAB9_mockito-junit-labdemo] INFO  o.eclipse.m2e.core.internal.Bundles - 	Entry: C:\Users\ROG STRIX\.p2\pool\plugins\org.eclipse.m2e.maven.runtime_3.9.900.20250220-2013\jars\maven-model-builder-3.9.9.jar
2025-09-02 14:36:47,731 [Worker-71: Launching Executing test in D__QA_SQA_LAB9_mockito-junit-labdemo] INFO  o.eclipse.m2e.core.internal.Bundles - 	Entry: C:\Users\ROG STRIX\.p2\pool\plugins\org.eclipse.m2e.maven.runtime_3.9.900.20250220-2013\jars\maven-plugin-api-3.9.9.jar
2025-09-02 14:36:47,731 [Worker-71: Launching Executing test in D__QA_SQA_LAB9_mockito-junit-labdemo] INFO  o.eclipse.m2e.core.internal.Bundles - 	Entry: C:\Users\ROG STRIX\.p2\pool\plugins\org.eclipse.m2e.maven.runtime_3.9.900.20250220-2013\jars\maven-repository-metadata-3.9.9.jar
2025-09-02 14:36:47,732 [Worker-71: Launching Executing test in D__QA_SQA_LAB9_mockito-junit-labdemo] INFO  o.eclipse.m2e.core.internal.Bundles - 	Entry: C:\Users\ROG STRIX\.p2\pool\plugins\org.eclipse.m2e.maven.runtime_3.9.900.20250220-2013\jars\maven-resolver-api-1.9.22.jar
2025-09-02 14:36:47,732 [Worker-71: Launching Executing test in D__QA_SQA_LAB9_mockito-junit-labdemo] INFO  o.eclipse.m2e.core.internal.Bundles - 	Entry: C:\Users\ROG STRIX\.p2\pool\plugins\org.eclipse.m2e.maven.runtime_3.9.900.20250220-2013\jars\maven-resolver-connector-basic-1.9.22.jar
2025-09-02 14:36:47,732 [Worker-71: Launching Executing test in D__QA_SQA_LAB9_mockito-junit-labdemo] INFO  o.eclipse.m2e.core.internal.Bundles - 	Entry: C:\Users\ROG STRIX\.p2\pool\plugins\org.eclipse.m2e.maven.runtime_3.9.900.20250220-2013\jars\maven-resolver-impl-1.9.22.jar
2025-09-02 14:36:47,732 [Worker-71: Launching Executing test in D__QA_SQA_LAB9_mockito-junit-labdemo] INFO  o.eclipse.m2e.core.internal.Bundles - 	Entry: C:\Users\ROG STRIX\.p2\pool\plugins\org.eclipse.m2e.maven.runtime_3.9.900.20250220-2013\jars\maven-resolver-named-locks-1.9.22.jar
2025-09-02 14:36:47,732 [Worker-71: Launching Executing test in D__QA_SQA_LAB9_mockito-junit-labdemo] INFO  o.eclipse.m2e.core.internal.Bundles - 	Entry: C:\Users\ROG STRIX\.p2\pool\plugins\org.eclipse.m2e.maven.runtime_3.9.900.20250220-2013\jars\maven-resolver-provider-3.9.9.jar
2025-09-02 14:36:47,732 [Worker-71: Launching Executing test in D__QA_SQA_LAB9_mockito-junit-labdemo] INFO  o.eclipse.m2e.core.internal.Bundles - 	Entry: C:\Users\ROG STRIX\.p2\pool\plugins\org.eclipse.m2e.maven.runtime_3.9.900.20250220-2013\jars\maven-resolver-spi-1.9.22.jar
2025-09-02 14:36:47,732 [Worker-71: Launching Executing test in D__QA_SQA_LAB9_mockito-junit-labdemo] INFO  o.eclipse.m2e.core.internal.Bundles - 	Entry: C:\Users\ROG STRIX\.p2\pool\plugins\org.eclipse.m2e.maven.runtime_3.9.900.20250220-2013\jars\maven-resolver-transport-file-1.9.22.jar
2025-09-02 14:36:47,732 [Worker-71: Launching Executing test in D__QA_SQA_LAB9_mockito-junit-labdemo] INFO  o.eclipse.m2e.core.internal.Bundles - 	Entry: C:\Users\ROG STRIX\.p2\pool\plugins\org.eclipse.m2e.maven.runtime_3.9.900.20250220-2013\jars\maven-resolver-transport-http-1.9.22.jar
2025-09-02 14:36:47,732 [Worker-71: Launching Executing test in D__QA_SQA_LAB9_mockito-junit-labdemo] INFO  o.eclipse.m2e.core.internal.Bundles - 	Entry: C:\Users\ROG STRIX\.p2\pool\plugins\org.eclipse.m2e.maven.runtime_3.9.900.20250220-2013\jars\maven-resolver-transport-wagon-1.9.22.jar
2025-09-02 14:36:47,732 [Worker-71: Launching Executing test in D__QA_SQA_LAB9_mockito-junit-labdemo] INFO  o.eclipse.m2e.core.internal.Bundles - 	Entry: C:\Users\ROG STRIX\.p2\pool\plugins\org.eclipse.m2e.maven.runtime_3.9.900.20250220-2013\jars\maven-resolver-util-1.9.22.jar
2025-09-02 14:36:47,732 [Worker-71: Launching Executing test in D__QA_SQA_LAB9_mockito-junit-labdemo] INFO  o.eclipse.m2e.core.internal.Bundles - 	Entry: C:\Users\ROG STRIX\.p2\pool\plugins\org.eclipse.m2e.maven.runtime_3.9.900.20250220-2013\jars\maven-settings-3.9.9.jar
2025-09-02 14:36:47,732 [Worker-71: Launching Executing test in D__QA_SQA_LAB9_mockito-junit-labdemo] INFO  o.eclipse.m2e.core.internal.Bundles - 	Entry: C:\Users\ROG STRIX\.p2\pool\plugins\org.eclipse.m2e.maven.runtime_3.9.900.20250220-2013\jars\maven-settings-builder-3.9.9.jar
2025-09-02 14:36:47,733 [Worker-71: Launching Executing test in D__QA_SQA_LAB9_mockito-junit-labdemo] INFO  o.eclipse.m2e.core.internal.Bundles - 	Entry: C:\Users\ROG STRIX\.p2\pool\plugins\org.eclipse.m2e.maven.runtime_3.9.900.20250220-2013\jars\maven-shared-utils-3.4.2.jar
2025-09-02 14:36:47,733 [Worker-71: Launching Executing test in D__QA_SQA_LAB9_mockito-junit-labdemo] INFO  o.eclipse.m2e.core.internal.Bundles - 	Entry: C:\Users\ROG STRIX\.p2\pool\plugins\org.eclipse.m2e.maven.runtime_3.9.900.20250220-2013\jars\org.eclipse.sisu.inject-0.9.0.M3.jar
2025-09-02 14:36:47,733 [Worker-71: Launching Executing test in D__QA_SQA_LAB9_mockito-junit-labdemo] INFO  o.eclipse.m2e.core.internal.Bundles - 	Entry: C:\Users\ROG STRIX\.p2\pool\plugins\org.eclipse.m2e.maven.runtime_3.9.900.20250220-2013\jars\org.eclipse.sisu.plexus-0.9.0.M3.jar
2025-09-02 14:36:47,733 [Worker-71: Launching Executing test in D__QA_SQA_LAB9_mockito-junit-labdemo] INFO  o.eclipse.m2e.core.internal.Bundles - 	Entry: C:\Users\ROG STRIX\.p2\pool\plugins\org.eclipse.m2e.maven.runtime_3.9.900.20250220-2013\jars\plexus-build-api-0.0.7.jar
2025-09-02 14:36:47,733 [Worker-71: Launching Executing test in D__QA_SQA_LAB9_mockito-junit-labdemo] INFO  o.eclipse.m2e.core.internal.Bundles - 	Entry: C:\Users\ROG STRIX\.p2\pool\plugins\org.eclipse.m2e.maven.runtime_3.9.900.20250220-2013\jars\plexus-build-api-1.2.0.jar
2025-09-02 14:36:47,733 [Worker-71: Launching Executing test in D__QA_SQA_LAB9_mockito-junit-labdemo] INFO  o.eclipse.m2e.core.internal.Bundles - 	Entry: C:\Users\ROG STRIX\.p2\pool\plugins\org.eclipse.m2e.maven.runtime_3.9.900.20250220-2013\jars\plexus-cipher-2.0.jar
2025-09-02 14:36:47,733 [Worker-71: Launching Executing test in D__QA_SQA_LAB9_mockito-junit-labdemo] INFO  o.eclipse.m2e.core.internal.Bundles - 	Entry: C:\Users\ROG STRIX\.p2\pool\plugins\org.eclipse.m2e.maven.runtime_3.9.900.20250220-2013\jars\plexus-classworlds-2.8.0.jar
2025-09-02 14:36:47,733 [Worker-71: Launching Executing test in D__QA_SQA_LAB9_mockito-junit-labdemo] INFO  o.eclipse.m2e.core.internal.Bundles - 	Entry: C:\Users\ROG STRIX\.p2\pool\plugins\org.eclipse.m2e.maven.runtime_3.9.900.20250220-2013\jars\plexus-component-annotations-2.1.0.jar
2025-09-02 14:36:47,733 [Worker-71: Launching Executing test in D__QA_SQA_LAB9_mockito-junit-labdemo] INFO  o.eclipse.m2e.core.internal.Bundles - 	Entry: C:\Users\ROG STRIX\.p2\pool\plugins\org.eclipse.m2e.maven.runtime_3.9.900.20250220-2013\jars\plexus-interpolation-1.27.jar
2025-09-02 14:36:47,733 [Worker-71: Launching Executing test in D__QA_SQA_LAB9_mockito-junit-labdemo] INFO  o.eclipse.m2e.core.internal.Bundles - 	Entry: C:\Users\ROG STRIX\.p2\pool\plugins\org.eclipse.m2e.maven.runtime_3.9.900.20250220-2013\jars\plexus-sec-dispatcher-2.0.jar
2025-09-02 14:36:47,733 [Worker-71: Launching Executing test in D__QA_SQA_LAB9_mockito-junit-labdemo] INFO  o.eclipse.m2e.core.internal.Bundles - 	Entry: C:\Users\ROG STRIX\.p2\pool\plugins\org.eclipse.m2e.maven.runtime_3.9.900.20250220-2013\jars\plexus-utils-3.5.1.jar
2025-09-02 14:36:47,733 [Worker-71: Launching Executing test in D__QA_SQA_LAB9_mockito-junit-labdemo] INFO  o.eclipse.m2e.core.internal.Bundles - 	Entry: C:\Users\ROG STRIX\.p2\pool\plugins\org.eclipse.m2e.maven.runtime_3.9.900.20250220-2013\jars\plexus-xml-3.0.1.jar
2025-09-02 14:36:47,734 [Worker-71: Launching Executing test in D__QA_SQA_LAB9_mockito-junit-labdemo] INFO  o.eclipse.m2e.core.internal.Bundles - 	Entry: C:\Users\ROG STRIX\.p2\pool\plugins\org.eclipse.m2e.maven.runtime_3.9.900.20250220-2013\jars\wagon-file-3.5.3.jar
2025-09-02 14:36:47,734 [Worker-71: Launching Executing test in D__QA_SQA_LAB9_mockito-junit-labdemo] INFO  o.eclipse.m2e.core.internal.Bundles - 	Entry: C:\Users\ROG STRIX\.p2\pool\plugins\org.eclipse.m2e.maven.runtime_3.9.900.20250220-2013\jars\wagon-http-3.5.3.jar
2025-09-02 14:36:47,734 [Worker-71: Launching Executing test in D__QA_SQA_LAB9_mockito-junit-labdemo] INFO  o.eclipse.m2e.core.internal.Bundles - 	Entry: C:\Users\ROG STRIX\.p2\pool\plugins\org.eclipse.m2e.maven.runtime_3.9.900.20250220-2013\jars\wagon-http-shared-3.5.3.jar
2025-09-02 14:36:47,734 [Worker-71: Launching Executing test in D__QA_SQA_LAB9_mockito-junit-labdemo] INFO  o.eclipse.m2e.core.internal.Bundles - 	Entry: C:\Users\ROG STRIX\.p2\pool\plugins\org.eclipse.m2e.maven.runtime_3.9.900.20250220-2013\jars\wagon-provider-api-3.5.3.jar
2025-09-02 14:36:47,734 [Worker-71: Launching Executing test in D__QA_SQA_LAB9_mockito-junit-labdemo] INFO  o.eclipse.m2e.core.internal.Bundles - getClasspathEntries(Bundle=com.google.guava_33.4.8.jre [18])
2025-09-02 14:36:47,734 [Worker-71: Launching Executing test in D__QA_SQA_LAB9_mockito-junit-labdemo] INFO  o.eclipse.m2e.core.internal.Bundles - 	Entry: C:\Users\ROG STRIX\.p2\pool\plugins\com.google.guava_33.4.8.jre.jar
2025-09-02 14:36:47,734 [Worker-71: Launching Executing test in D__QA_SQA_LAB9_mockito-junit-labdemo] INFO  o.eclipse.m2e.core.internal.Bundles - getClasspathEntries(Bundle=slf4j.api_2.0.17 [1004])
2025-09-02 14:36:47,734 [Worker-71: Launching Executing test in D__QA_SQA_LAB9_mockito-junit-labdemo] INFO  o.eclipse.m2e.core.internal.Bundles - 	Entry: C:\Users\ROG STRIX\.p2\pool\plugins\slf4j.api_2.0.17.jar
2025-09-02 14:36:47,734 [Worker-71: Launching Executing test in D__QA_SQA_LAB9_mockito-junit-labdemo] INFO  o.eclipse.m2e.core.internal.Bundles - getClasspathEntries(Bundle=jakarta.inject.jakarta.inject-api_1.0.5 [35])
2025-09-02 14:36:47,735 [Worker-71: Launching Executing test in D__QA_SQA_LAB9_mockito-junit-labdemo] INFO  o.eclipse.m2e.core.internal.Bundles - 	Entry: C:\Users\ROG STRIX\.p2\pool\plugins\jakarta.inject.jakarta.inject-api_1.0.5.jar
2025-09-02 14:36:47,735 [Worker-71: Launching Executing test in D__QA_SQA_LAB9_mockito-junit-labdemo] INFO  o.eclipse.m2e.core.internal.Bundles - getClasspathEntries(Bundle=javax.annotation_1.3.5.v20200909-1856 [45])
2025-09-02 14:36:47,735 [Worker-71: Launching Executing test in D__QA_SQA_LAB9_mockito-junit-labdemo] INFO  o.eclipse.m2e.core.internal.Bundles - 	Entry: C:\Users\ROG STRIX\.p2\pool\plugins\javax.annotation_1.3.5.v20200909-1856.jar
2025-09-02 14:36:47,735 [Worker-71: Launching Executing test in D__QA_SQA_LAB9_mockito-junit-labdemo] INFO  o.eclipse.m2e.core.internal.Bundles - getClasspathEntries(Bundle=org.apache.commons.cli_1.9.0 [76])
2025-09-02 14:36:47,735 [Worker-71: Launching Executing test in D__QA_SQA_LAB9_mockito-junit-labdemo] INFO  o.eclipse.m2e.core.internal.Bundles - 	Entry: C:\Users\ROG STRIX\.p2\pool\plugins\org.apache.commons.cli_1.9.0.jar
2025-09-02 14:36:47,735 [Worker-71: Launching Executing test in D__QA_SQA_LAB9_mockito-junit-labdemo] INFO  o.eclipse.m2e.core.internal.Bundles - getClasspathEntries(Bundle=org.apache.commons.commons-codec_1.16.0 [78])
2025-09-02 14:36:47,735 [Worker-71: Launching Executing test in D__QA_SQA_LAB9_mockito-junit-labdemo] INFO  o.eclipse.m2e.core.internal.Bundles - 	Entry: C:\Users\ROG STRIX\.p2\pool\plugins\org.apache.commons.commons-codec_1.16.0.jar
2025-09-02 14:36:47,735 [Worker-71: Launching Executing test in D__QA_SQA_LAB9_mockito-junit-labdemo] INFO  o.eclipse.m2e.core.internal.Bundles - getClasspathEntries(Bundle=com.google.guava.failureaccess_1.0.3 [19])
2025-09-02 14:36:47,736 [Worker-71: Launching Executing test in D__QA_SQA_LAB9_mockito-junit-labdemo] INFO  o.eclipse.m2e.core.internal.Bundles - 	Entry: C:\Users\ROG STRIX\.p2\pool\plugins\com.google.guava.failureaccess_1.0.3.jar
2025-09-02 14:36:47,736 [Worker-71: Launching Executing test in D__QA_SQA_LAB9_mockito-junit-labdemo] INFO  o.e.m.i.launch.MavenLaunchDelegate - Run build in "D:\QA\SQA_LAB9\mockito-junit-labdemo":
2025-09-02 14:36:47,736 [Worker-71: Launching Executing test in D__QA_SQA_LAB9_mockito-junit-labdemo] INFO  o.e.m.i.launch.MavenLaunchDelegate -  mvn  -B -Dstyle.color=always test
2025-09-02 14:42:55,617 [Worker-70: Creating project "mockito-junit-lab9"] INFO  o.e.m.c.i.l.LifecycleMappingFactory - Using org.eclipse.m2e.jdt.JarLifecycleMapping lifecycle mapping for MavenProject: com.sqa.lab9:mockito-junit-lab9:0.0.1-SNAPSHOT @ D:\QA\SQA_LAB9\mockito-junit-lab9\pom.xml.
2025-09-02 14:42:55,889 [Worker-70: Creating project "mockito-junit-lab9"] INFO  o.e.m.j.i.AbstractJavaProjectConfigurator - Adding source folder /mockito-junit-lab9/src/main/java
2025-09-02 14:42:55,890 [Worker-70: Creating project "mockito-junit-lab9"] INFO  o.e.m.j.i.AbstractJavaProjectConfigurator - Adding resource folder /mockito-junit-lab9/src/main/resources
2025-09-02 14:42:55,890 [Worker-70: Creating project "mockito-junit-lab9"] INFO  o.e.m.j.i.AbstractJavaProjectConfigurator - Adding source folder /mockito-junit-lab9/src/test/java
2025-09-02 14:42:55,890 [Worker-70: Creating project "mockito-junit-lab9"] INFO  o.e.m.j.i.AbstractJavaProjectConfigurator - Adding resource folder /mockito-junit-lab9/src/test/resources
2025-09-02 14:42:56,091 [Worker-74: Building] WARN  o.a.m.s.f.DefaultMavenResourcesFiltering - Using platform encoding (UTF-8 actually) to copy filtered resources, i.e. build is platform dependent!
2025-09-02 14:42:56,092 [Worker-74: Building] INFO  o.a.m.s.f.DefaultMavenResourcesFiltering - Copying 0 resource from src\main\resources to target\classes
2025-09-02 14:42:56,094 [Worker-74: Building] WARN  o.a.m.s.f.DefaultMavenResourcesFiltering - Using platform encoding (UTF-8 actually) to copy filtered resources, i.e. build is platform dependent!
2025-09-02 14:42:56,095 [Worker-74: Building] INFO  o.a.m.s.f.DefaultMavenResourcesFiltering - Copying 0 resource from src\test\resources to target\test-classes
2025-09-02 14:43:45,774 [Worker-76: Building] INFO  o.e.m.c.i.l.LifecycleMappingFactory - Using org.eclipse.m2e.jdt.JarLifecycleMapping lifecycle mapping for MavenProject: com.sqa.lab9:mockito-junit-lab9:0.0.1-SNAPSHOT @ D:\QA\SQA_LAB9\mockito-junit-lab9\pom.xml.
2025-09-02 14:43:45,845 [Worker-76: Building] WARN  o.a.m.s.f.DefaultMavenResourcesFiltering - Using platform encoding (UTF-8 actually) to copy filtered resources, i.e. build is platform dependent!
2025-09-02 14:43:45,846 [Worker-76: Building] INFO  o.a.m.s.f.DefaultMavenResourcesFiltering - Copying 0 resource from src\main\resources to target\classes
2025-09-02 14:43:45,848 [Worker-76: Building] WARN  o.a.m.s.f.DefaultMavenResourcesFiltering - Using platform encoding (UTF-8 actually) to copy filtered resources, i.e. build is platform dependent!
2025-09-02 14:43:45,849 [Worker-76: Building] INFO  o.a.m.s.f.DefaultMavenResourcesFiltering - Copying 0 resource from src\test\resources to target\test-classes
2025-09-02 14:43:46,952 [Worker-76: Building] WARN  o.a.m.s.f.DefaultMavenResourcesFiltering - Using platform encoding (UTF-8 actually) to copy filtered resources, i.e. build is platform dependent!
2025-09-02 14:43:46,953 [Worker-76: Building] INFO  o.a.m.s.f.DefaultMavenResourcesFiltering - Copying 0 resource from src\main\resources to target\classes
2025-09-02 14:43:46,954 [Worker-76: Building] WARN  o.a.m.s.f.DefaultMavenResourcesFiltering - Using platform encoding (UTF-8 actually) to copy filtered resources, i.e. build is platform dependent!
2025-09-02 14:43:46,955 [Worker-76: Building] INFO  o.a.m.s.f.DefaultMavenResourcesFiltering - Copying 0 resource from src\test\resources to target\test-classes
2025-09-02 14:45:18,850 [Worker-78: Building] WARN  o.a.m.s.f.DefaultMavenResourcesFiltering - Using platform encoding (UTF-8 actually) to copy filtered resources, i.e. build is platform dependent!
2025-09-02 14:45:18,851 [Worker-78: Building] INFO  o.a.m.s.f.DefaultMavenResourcesFiltering - Copying 0 resource from src\main\resources to target\classes
2025-09-02 14:45:18,853 [Worker-78: Building] WARN  o.a.m.s.f.DefaultMavenResourcesFiltering - Using platform encoding (UTF-8 actually) to copy filtered resources, i.e. build is platform dependent!
2025-09-02 14:45:18,854 [Worker-78: Building] INFO  o.a.m.s.f.DefaultMavenResourcesFiltering - Copying 0 resource from src\test\resources to target\test-classes
2025-09-02 14:57:23,438 [Worker-81: Building] WARN  o.a.m.s.f.DefaultMavenResourcesFiltering - Using platform encoding (UTF-8 actually) to copy filtered resources, i.e. build is platform dependent!
2025-09-02 14:57:23,438 [Worker-81: Building] INFO  o.a.m.s.f.DefaultMavenResourcesFiltering - Copying 0 resource from src\main\resources to target\classes
2025-09-02 14:57:23,438 [Worker-81: Building] WARN  o.a.m.s.f.DefaultMavenResourcesFiltering - Using platform encoding (UTF-8 actually) to copy filtered resources, i.e. build is platform dependent!
2025-09-02 14:57:23,438 [Worker-81: Building] INFO  o.a.m.s.f.DefaultMavenResourcesFiltering - Copying 0 resource from src\test\resources to target\test-classes
2025-09-07 23:48:19,633 [Worker-1: Loading available Gradle versions] INFO  o.e.b.c.i.u.g.PublishedGradleVersions - Gradle version information cache is out-of-date. Trying to update.
2025-09-07 23:51:41,411 [Worker-11: Building] WARN  o.a.m.s.f.DefaultMavenResourcesFiltering - Using platform encoding (UTF-8 actually) to copy filtered resources, i.e. build is platform dependent!
2025-09-07 23:51:41,416 [Worker-11: Building] INFO  o.a.m.s.f.DefaultMavenResourcesFiltering - Copying 0 resource from src\main\resources to target\classes
2025-09-07 23:51:41,422 [Worker-11: Building] WARN  o.a.m.s.f.DefaultMavenResourcesFiltering - Using platform encoding (UTF-8 actually) to copy filtered resources, i.e. build is platform dependent!
2025-09-07 23:51:41,424 [Worker-11: Building] INFO  o.a.m.s.f.DefaultMavenResourcesFiltering - Copying 0 resource from src\test\resources to target\test-classes
2025-09-07 23:54:17,343 [Worker-39: Building] WARN  o.a.m.s.f.DefaultMavenResourcesFiltering - Using platform encoding (UTF-8 actually) to copy filtered resources, i.e. build is platform dependent!
2025-09-07 23:54:17,346 [Worker-39: Building] INFO  o.a.m.s.f.DefaultMavenResourcesFiltering - Copying 0 resource from src\main\resources to target\classes
2025-09-07 23:54:17,349 [Worker-39: Building] WARN  o.a.m.s.f.DefaultMavenResourcesFiltering - Using platform encoding (UTF-8 actually) to copy filtered resources, i.e. build is platform dependent!
2025-09-07 23:54:17,351 [Worker-39: Building] INFO  o.a.m.s.f.DefaultMavenResourcesFiltering - Copying 0 resource from src\test\resources to target\test-classes
2025-09-08 00:00:14,224 [Worker-42: Building] WARN  o.a.m.s.f.DefaultMavenResourcesFiltering - Using platform encoding (UTF-8 actually) to copy filtered resources, i.e. build is platform dependent!
2025-09-08 00:00:14,226 [Worker-42: Building] INFO  o.a.m.s.f.DefaultMavenResourcesFiltering - Copying 0 resource from src\main\resources to target\classes
2025-09-08 00:00:14,228 [Worker-42: Building] WARN  o.a.m.s.f.DefaultMavenResourcesFiltering - Using platform encoding (UTF-8 actually) to copy filtered resources, i.e. build is platform dependent!
2025-09-08 00:00:14,231 [Worker-42: Building] INFO  o.a.m.s.f.DefaultMavenResourcesFiltering - Copying 0 resource from src\test\resources to target\test-classes
2025-09-08 00:07:28,724 [Worker-46: Building] WARN  o.a.m.s.f.DefaultMavenResourcesFiltering - Using platform encoding (UTF-8 actually) to copy filtered resources, i.e. build is platform dependent!
2025-09-08 00:07:28,725 [Worker-46: Building] INFO  o.a.m.s.f.DefaultMavenResourcesFiltering - Copying 0 resource from src\main\resources to target\classes
2025-09-08 00:07:28,728 [Worker-46: Building] WARN  o.a.m.s.f.DefaultMavenResourcesFiltering - Using platform encoding (UTF-8 actually) to copy filtered resources, i.e. build is platform dependent!
2025-09-08 00:07:28,729 [Worker-46: Building] INFO  o.a.m.s.f.DefaultMavenResourcesFiltering - Copying 0 resource from src\test\resources to target\test-classes
2025-09-08 00:08:40,283 [Worker-46: Building] WARN  o.a.m.s.f.DefaultMavenResourcesFiltering - Using platform encoding (UTF-8 actually) to copy filtered resources, i.e. build is platform dependent!
2025-09-08 00:08:40,284 [Worker-46: Building] INFO  o.a.m.s.f.DefaultMavenResourcesFiltering - Copying 0 resource from src\main\resources to target\classes
2025-09-08 00:08:40,285 [Worker-46: Building] WARN  o.a.m.s.f.DefaultMavenResourcesFiltering - Using platform encoding (UTF-8 actually) to copy filtered resources, i.e. build is platform dependent!
2025-09-08 00:08:40,286 [Worker-46: Building] INFO  o.a.m.s.f.DefaultMavenResourcesFiltering - Copying 0 resource from src\test\resources to target\test-classes
2025-09-08 00:22:38,250 [Worker-46: Building] WARN  o.a.m.s.f.DefaultMavenResourcesFiltering - Using platform encoding (UTF-8 actually) to copy filtered resources, i.e. build is platform dependent!
2025-09-08 00:22:38,251 [Worker-46: Building] INFO  o.a.m.s.f.DefaultMavenResourcesFiltering - Copying 0 resource from src\main\resources to target\classes
2025-09-08 00:22:38,253 [Worker-46: Building] WARN  o.a.m.s.f.DefaultMavenResourcesFiltering - Using platform encoding (UTF-8 actually) to copy filtered resources, i.e. build is platform dependent!
2025-09-08 00:22:38,254 [Worker-46: Building] INFO  o.a.m.s.f.DefaultMavenResourcesFiltering - Copying 0 resource from src\test\resources to target\test-classes
2025-09-08 00:22:59,589 [Worker-48: Building] WARN  o.a.m.s.f.DefaultMavenResourcesFiltering - Using platform encoding (UTF-8 actually) to copy filtered resources, i.e. build is platform dependent!
2025-09-08 00:22:59,590 [Worker-48: Building] INFO  o.a.m.s.f.DefaultMavenResourcesFiltering - Copying 0 resource from src\main\resources to target\classes
2025-09-08 00:22:59,592 [Worker-48: Building] WARN  o.a.m.s.f.DefaultMavenResourcesFiltering - Using platform encoding (UTF-8 actually) to copy filtered resources, i.e. build is platform dependent!
2025-09-08 00:22:59,593 [Worker-48: Building] INFO  o.a.m.s.f.DefaultMavenResourcesFiltering - Copying 0 resource from src\test\resources to target\test-classes
2025-09-08 00:23:02,937 [Worker-46: Building] WARN  o.a.m.s.f.DefaultMavenResourcesFiltering - Using platform encoding (UTF-8 actually) to copy filtered resources, i.e. build is platform dependent!
2025-09-08 00:23:02,938 [Worker-46: Building] INFO  o.a.m.s.f.DefaultMavenResourcesFiltering - Copying 0 resource from src\main\resources to target\classes
2025-09-08 00:23:02,941 [Worker-46: Building] WARN  o.a.m.s.f.DefaultMavenResourcesFiltering - Using platform encoding (UTF-8 actually) to copy filtered resources, i.e. build is platform dependent!
2025-09-08 00:23:02,942 [Worker-46: Building] INFO  o.a.m.s.f.DefaultMavenResourcesFiltering - Copying 0 resource from src\test\resources to target\test-classes
2025-09-08 00:24:11,199 [main] INFO  o.e.m.jdt.internal.UnitTestSupport - Updating FavoriteMovieTest from maven configuration
2025-09-08 00:32:50,720 [Worker-56: Building] WARN  o.a.m.s.f.DefaultMavenResourcesFiltering - Using platform encoding (UTF-8 actually) to copy filtered resources, i.e. build is platform dependent!
2025-09-08 00:32:50,722 [Worker-56: Building] INFO  o.a.m.s.f.DefaultMavenResourcesFiltering - Copying 0 resource from src\main\resources to target\classes
2025-09-08 00:32:50,724 [Worker-56: Building] WARN  o.a.m.s.f.DefaultMavenResourcesFiltering - Using platform encoding (UTF-8 actually) to copy filtered resources, i.e. build is platform dependent!
2025-09-08 00:32:50,726 [Worker-56: Building] INFO  o.a.m.s.f.DefaultMavenResourcesFiltering - Copying 0 resource from src\test\resources to target\test-classes
2025-09-08 00:32:54,094 [Worker-56: Building] WARN  o.a.m.s.f.DefaultMavenResourcesFiltering - Using platform encoding (UTF-8 actually) to copy filtered resources, i.e. build is platform dependent!
2025-09-08 00:32:54,095 [Worker-56: Building] INFO  o.a.m.s.f.DefaultMavenResourcesFiltering - Copying 0 resource from src\main\resources to target\classes
2025-09-08 00:32:54,097 [Worker-56: Building] WARN  o.a.m.s.f.DefaultMavenResourcesFiltering - Using platform encoding (UTF-8 actually) to copy filtered resources, i.e. build is platform dependent!
2025-09-08 00:32:54,098 [Worker-56: Building] INFO  o.a.m.s.f.DefaultMavenResourcesFiltering - Copying 0 resource from src\test\resources to target\test-classes
2025-09-08 00:37:34,243 [Worker-60: Building] WARN  o.a.m.s.f.DefaultMavenResourcesFiltering - Using platform encoding (UTF-8 actually) to copy filtered resources, i.e. build is platform dependent!
2025-09-08 00:37:34,244 [Worker-60: Building] INFO  o.a.m.s.f.DefaultMavenResourcesFiltering - Copying 0 resource from src\main\resources to target\classes
2025-09-08 00:37:34,247 [Worker-60: Building] WARN  o.a.m.s.f.DefaultMavenResourcesFiltering - Using platform encoding (UTF-8 actually) to copy filtered resources, i.e. build is platform dependent!
2025-09-08 00:37:34,248 [Worker-60: Building] INFO  o.a.m.s.f.DefaultMavenResourcesFiltering - Copying 0 resource from src\test\resources to target\test-classes
2025-09-08 00:37:39,641 [main] INFO  o.e.m.jdt.internal.UnitTestSupport - Updating FavoriteMovieMockTest from maven configuration
2025-09-08 00:38:19,984 [Worker-62: Building] WARN  o.a.m.s.f.DefaultMavenResourcesFiltering - Using platform encoding (UTF-8 actually) to copy filtered resources, i.e. build is platform dependent!
2025-09-08 00:38:19,985 [Worker-62: Building] INFO  o.a.m.s.f.DefaultMavenResourcesFiltering - Copying 0 resource from src\main\resources to target\classes
2025-09-08 00:38:19,988 [Worker-62: Building] WARN  o.a.m.s.f.DefaultMavenResourcesFiltering - Using platform encoding (UTF-8 actually) to copy filtered resources, i.e. build is platform dependent!
2025-09-08 00:38:19,989 [Worker-62: Building] INFO  o.a.m.s.f.DefaultMavenResourcesFiltering - Copying 0 resource from src\test\resources to target\test-classes
2025-09-08 00:39:33,745 [Worker-62: Building] WARN  o.a.m.s.f.DefaultMavenResourcesFiltering - Using platform encoding (UTF-8 actually) to copy filtered resources, i.e. build is platform dependent!
2025-09-08 00:39:33,746 [Worker-62: Building] INFO  o.a.m.s.f.DefaultMavenResourcesFiltering - Copying 0 resource from src\main\resources to target\classes
2025-09-08 00:39:33,747 [Worker-62: Building] WARN  o.a.m.s.f.DefaultMavenResourcesFiltering - Using platform encoding (UTF-8 actually) to copy filtered resources, i.e. build is platform dependent!
2025-09-08 00:39:33,748 [Worker-62: Building] INFO  o.a.m.s.f.DefaultMavenResourcesFiltering - Copying 0 resource from src\test\resources to target\test-classes
2025-09-08 00:40:57,303 [Worker-60: Building] WARN  o.a.m.s.f.DefaultMavenResourcesFiltering - Using platform encoding (UTF-8 actually) to copy filtered resources, i.e. build is platform dependent!
2025-09-08 00:40:57,304 [Worker-60: Building] INFO  o.a.m.s.f.DefaultMavenResourcesFiltering - Copying 0 resource from src\main\resources to target\classes
2025-09-08 00:40:57,305 [Worker-60: Building] WARN  o.a.m.s.f.DefaultMavenResourcesFiltering - Using platform encoding (UTF-8 actually) to copy filtered resources, i.e. build is platform dependent!
2025-09-08 00:40:57,306 [Worker-60: Building] INFO  o.a.m.s.f.DefaultMavenResourcesFiltering - Copying 0 resource from src\test\resources to target\test-classes
2025-09-08 00:41:06,946 [Worker-60: Updating Maven Dependencies] ERROR o.e.m.j.i.l.MavenLaunchConfigurationListener - Launch configuration FavoriteMovieTest references closed project mockito-junit-lab9
org.eclipse.core.runtime.CoreException: Launch configuration FavoriteMovieTest references closed project mockito-junit-lab9
	at org.eclipse.jdt.launching.JavaRuntime.abort(JavaRuntime.java:1871)
	at org.eclipse.jdt.launching.JavaRuntime.getJavaProject(JavaRuntime.java:1745)
	at org.eclipse.m2e.jdt.internal.launch.MavenLaunchConfigurationListener.updateLaunchConfiguration(MavenLaunchConfigurationListener.java:66)
	at org.eclipse.m2e.jdt.internal.launch.MavenLaunchConfigurationListener.launchConfigurationChanged(MavenLaunchConfigurationListener.java:52)
	at org.eclipse.debug.internal.core.LaunchManager$ConfigurationNotifier.run(LaunchManager.java:220)
	at org.eclipse.core.runtime.SafeRunner.run(SafeRunner.java:47)
	at org.eclipse.debug.internal.core.LaunchManager$ConfigurationNotifier.notify(LaunchManager.java:204)
	at org.eclipse.debug.internal.core.LaunchConfigurationWorkingCopy.setDirty(LaunchConfigurationWorkingCopy.java:527)
	at org.eclipse.debug.internal.core.LaunchConfigurationWorkingCopy.setAttribute(LaunchConfigurationWorkingCopy.java:415)
	at org.eclipse.m2e.jdt.internal.launch.MavenRuntimeClasspathProvider.disable(MavenRuntimeClasspathProvider.java:409)
	at org.eclipse.m2e.jdt.internal.launch.MavenRuntimeClasspathProvider.disable(MavenRuntimeClasspathProvider.java:435)
	at org.eclipse.m2e.jdt.internal.launch.MavenLaunchConfigurationListener.mavenProjectChanged(MavenLaunchConfigurationListener.java:137)
	at org.eclipse.m2e.core.internal.project.registry.ProjectRegistryManager.notifyProjectChangeListeners(ProjectRegistryManager.java:892)
	at org.eclipse.m2e.core.internal.project.registry.ProjectRegistryManager.applyMutableProjectRegistry(ProjectRegistryManager.java:1042)
	at org.eclipse.m2e.core.internal.project.registry.ProjectRegistryRefreshJob.lambda$0(ProjectRegistryRefreshJob.java:162)
	at org.eclipse.m2e.core.internal.embedder.MavenExecutionContext.executeBare(MavenExecutionContext.java:458)
	at org.eclipse.m2e.core.internal.embedder.MavenExecutionContext.execute(MavenExecutionContext.java:339)
	at org.eclipse.m2e.core.internal.embedder.MavenExecutionContext.execute(MavenExecutionContext.java:278)
	at org.eclipse.m2e.core.internal.project.registry.ProjectRegistryRefreshJob.run(ProjectRegistryRefreshJob.java:106)
	at org.eclipse.core.internal.jobs.Worker.run(Worker.java:63)
2025-09-08 00:41:06,966 [Worker-60: Updating Maven Dependencies] ERROR o.e.m.j.i.l.MavenLaunchConfigurationListener - Launch configuration FavoriteMovieTest references closed project mockito-junit-lab9
org.eclipse.core.runtime.CoreException: Launch configuration FavoriteMovieTest references closed project mockito-junit-lab9
	at org.eclipse.jdt.launching.JavaRuntime.abort(JavaRuntime.java:1871)
	at org.eclipse.jdt.launching.JavaRuntime.getJavaProject(JavaRuntime.java:1745)
	at org.eclipse.m2e.jdt.internal.launch.MavenLaunchConfigurationListener.updateLaunchConfiguration(MavenLaunchConfigurationListener.java:66)
	at org.eclipse.m2e.jdt.internal.launch.MavenLaunchConfigurationListener.launchConfigurationChanged(MavenLaunchConfigurationListener.java:52)
	at org.eclipse.debug.internal.core.LaunchManager$ConfigurationNotifier.run(LaunchManager.java:220)
	at org.eclipse.core.runtime.SafeRunner.run(SafeRunner.java:47)
	at org.eclipse.debug.internal.core.LaunchManager$ConfigurationNotifier.notify(LaunchManager.java:204)
	at org.eclipse.debug.internal.core.LaunchConfigurationWorkingCopy.setDirty(LaunchConfigurationWorkingCopy.java:527)
	at org.eclipse.debug.internal.core.LaunchConfigurationWorkingCopy.setAttribute(LaunchConfigurationWorkingCopy.java:415)
	at org.eclipse.m2e.jdt.internal.launch.MavenRuntimeClasspathProvider.disable(MavenRuntimeClasspathProvider.java:410)
	at org.eclipse.m2e.jdt.internal.launch.MavenRuntimeClasspathProvider.disable(MavenRuntimeClasspathProvider.java:435)
	at org.eclipse.m2e.jdt.internal.launch.MavenLaunchConfigurationListener.mavenProjectChanged(MavenLaunchConfigurationListener.java:137)
	at org.eclipse.m2e.core.internal.project.registry.ProjectRegistryManager.notifyProjectChangeListeners(ProjectRegistryManager.java:892)
	at org.eclipse.m2e.core.internal.project.registry.ProjectRegistryManager.applyMutableProjectRegistry(ProjectRegistryManager.java:1042)
	at org.eclipse.m2e.core.internal.project.registry.ProjectRegistryRefreshJob.lambda$0(ProjectRegistryRefreshJob.java:162)
	at org.eclipse.m2e.core.internal.embedder.MavenExecutionContext.executeBare(MavenExecutionContext.java:458)
	at org.eclipse.m2e.core.internal.embedder.MavenExecutionContext.execute(MavenExecutionContext.java:339)
	at org.eclipse.m2e.core.internal.embedder.MavenExecutionContext.execute(MavenExecutionContext.java:278)
	at org.eclipse.m2e.core.internal.project.registry.ProjectRegistryRefreshJob.run(ProjectRegistryRefreshJob.java:106)
	at org.eclipse.core.internal.jobs.Worker.run(Worker.java:63)
2025-09-08 00:41:06,970 [Worker-60: Updating Maven Dependencies] ERROR o.e.m.j.i.l.MavenLaunchConfigurationListener - Launch configuration FavoriteMovieTest references closed project mockito-junit-lab9
org.eclipse.core.runtime.CoreException: Launch configuration FavoriteMovieTest references closed project mockito-junit-lab9
	at org.eclipse.jdt.launching.JavaRuntime.abort(JavaRuntime.java:1871)
	at org.eclipse.jdt.launching.JavaRuntime.getJavaProject(JavaRuntime.java:1745)
	at org.eclipse.m2e.jdt.internal.launch.MavenLaunchConfigurationListener.updateLaunchConfiguration(MavenLaunchConfigurationListener.java:66)
	at org.eclipse.m2e.jdt.internal.launch.MavenLaunchConfigurationListener.launchConfigurationChanged(MavenLaunchConfigurationListener.java:52)
	at org.eclipse.debug.internal.core.LaunchManager$ConfigurationNotifier.run(LaunchManager.java:220)
	at org.eclipse.core.runtime.SafeRunner.run(SafeRunner.java:47)
	at org.eclipse.debug.internal.core.LaunchManager$ConfigurationNotifier.notify(LaunchManager.java:204)
	at org.eclipse.debug.internal.core.LaunchManager.launchConfigurationChanged(LaunchManager.java:2009)
	at org.eclipse.debug.internal.core.LaunchConfigurationWorkingCopy.writeNewFile(LaunchConfigurationWorkingCopy.java:380)
	at org.eclipse.debug.internal.core.LaunchConfigurationWorkingCopy.doSave0(LaunchConfigurationWorkingCopy.java:259)
	at org.eclipse.debug.internal.core.LaunchConfigurationWorkingCopy.doSave(LaunchConfigurationWorkingCopy.java:229)
	at org.eclipse.debug.internal.core.LaunchConfigurationWorkingCopy.doSave(LaunchConfigurationWorkingCopy.java:187)
	at org.eclipse.m2e.jdt.internal.launch.MavenRuntimeClasspathProvider.disable(MavenRuntimeClasspathProvider.java:411)
	at org.eclipse.m2e.jdt.internal.launch.MavenRuntimeClasspathProvider.disable(MavenRuntimeClasspathProvider.java:435)
	at org.eclipse.m2e.jdt.internal.launch.MavenLaunchConfigurationListener.mavenProjectChanged(MavenLaunchConfigurationListener.java:137)
	at org.eclipse.m2e.core.internal.project.registry.ProjectRegistryManager.notifyProjectChangeListeners(ProjectRegistryManager.java:892)
	at org.eclipse.m2e.core.internal.project.registry.ProjectRegistryManager.applyMutableProjectRegistry(ProjectRegistryManager.java:1042)
	at org.eclipse.m2e.core.internal.project.registry.ProjectRegistryRefreshJob.lambda$0(ProjectRegistryRefreshJob.java:162)
	at org.eclipse.m2e.core.internal.embedder.MavenExecutionContext.executeBare(MavenExecutionContext.java:458)
	at org.eclipse.m2e.core.internal.embedder.MavenExecutionContext.execute(MavenExecutionContext.java:339)
	at org.eclipse.m2e.core.internal.embedder.MavenExecutionContext.execute(MavenExecutionContext.java:278)
	at org.eclipse.m2e.core.internal.project.registry.ProjectRegistryRefreshJob.run(ProjectRegistryRefreshJob.java:106)
	at org.eclipse.core.internal.jobs.Worker.run(Worker.java:63)
2025-09-08 00:41:06,972 [Worker-60: Updating Maven Dependencies] ERROR o.e.m.j.i.l.MavenLaunchConfigurationListener - Launch configuration FavoriteMovieMockTest references closed project mockito-junit-lab9
org.eclipse.core.runtime.CoreException: Launch configuration FavoriteMovieMockTest references closed project mockito-junit-lab9
	at org.eclipse.jdt.launching.JavaRuntime.abort(JavaRuntime.java:1871)
	at org.eclipse.jdt.launching.JavaRuntime.getJavaProject(JavaRuntime.java:1745)
	at org.eclipse.m2e.jdt.internal.launch.MavenLaunchConfigurationListener.updateLaunchConfiguration(MavenLaunchConfigurationListener.java:66)
	at org.eclipse.m2e.jdt.internal.launch.MavenLaunchConfigurationListener.launchConfigurationChanged(MavenLaunchConfigurationListener.java:52)
	at org.eclipse.debug.internal.core.LaunchManager$ConfigurationNotifier.run(LaunchManager.java:220)
	at org.eclipse.core.runtime.SafeRunner.run(SafeRunner.java:47)
	at org.eclipse.debug.internal.core.LaunchManager$ConfigurationNotifier.notify(LaunchManager.java:204)
	at org.eclipse.debug.internal.core.LaunchConfigurationWorkingCopy.setDirty(LaunchConfigurationWorkingCopy.java:527)
	at org.eclipse.debug.internal.core.LaunchConfigurationWorkingCopy.setAttribute(LaunchConfigurationWorkingCopy.java:415)
	at org.eclipse.m2e.jdt.internal.launch.MavenRuntimeClasspathProvider.disable(MavenRuntimeClasspathProvider.java:409)
	at org.eclipse.m2e.jdt.internal.launch.MavenRuntimeClasspathProvider.disable(MavenRuntimeClasspathProvider.java:435)
	at org.eclipse.m2e.jdt.internal.launch.MavenLaunchConfigurationListener.mavenProjectChanged(MavenLaunchConfigurationListener.java:137)
	at org.eclipse.m2e.core.internal.project.registry.ProjectRegistryManager.notifyProjectChangeListeners(ProjectRegistryManager.java:892)
	at org.eclipse.m2e.core.internal.project.registry.ProjectRegistryManager.applyMutableProjectRegistry(ProjectRegistryManager.java:1042)
	at org.eclipse.m2e.core.internal.project.registry.ProjectRegistryRefreshJob.lambda$0(ProjectRegistryRefreshJob.java:162)
	at org.eclipse.m2e.core.internal.embedder.MavenExecutionContext.executeBare(MavenExecutionContext.java:458)
	at org.eclipse.m2e.core.internal.embedder.MavenExecutionContext.execute(MavenExecutionContext.java:339)
	at org.eclipse.m2e.core.internal.embedder.MavenExecutionContext.execute(MavenExecutionContext.java:278)
	at org.eclipse.m2e.core.internal.project.registry.ProjectRegistryRefreshJob.run(ProjectRegistryRefreshJob.java:106)
	at org.eclipse.core.internal.jobs.Worker.run(Worker.java:63)
2025-09-08 00:41:06,974 [Worker-60: Updating Maven Dependencies] ERROR o.e.m.j.i.l.MavenLaunchConfigurationListener - Launch configuration FavoriteMovieMockTest references closed project mockito-junit-lab9
org.eclipse.core.runtime.CoreException: Launch configuration FavoriteMovieMockTest references closed project mockito-junit-lab9
	at org.eclipse.jdt.launching.JavaRuntime.abort(JavaRuntime.java:1871)
	at org.eclipse.jdt.launching.JavaRuntime.getJavaProject(JavaRuntime.java:1745)
	at org.eclipse.m2e.jdt.internal.launch.MavenLaunchConfigurationListener.updateLaunchConfiguration(MavenLaunchConfigurationListener.java:66)
	at org.eclipse.m2e.jdt.internal.launch.MavenLaunchConfigurationListener.launchConfigurationChanged(MavenLaunchConfigurationListener.java:52)
	at org.eclipse.debug.internal.core.LaunchManager$ConfigurationNotifier.run(LaunchManager.java:220)
	at org.eclipse.core.runtime.SafeRunner.run(SafeRunner.java:47)
	at org.eclipse.debug.internal.core.LaunchManager$ConfigurationNotifier.notify(LaunchManager.java:204)
	at org.eclipse.debug.internal.core.LaunchConfigurationWorkingCopy.setDirty(LaunchConfigurationWorkingCopy.java:527)
	at org.eclipse.debug.internal.core.LaunchConfigurationWorkingCopy.setAttribute(LaunchConfigurationWorkingCopy.java:415)
	at org.eclipse.m2e.jdt.internal.launch.MavenRuntimeClasspathProvider.disable(MavenRuntimeClasspathProvider.java:410)
	at org.eclipse.m2e.jdt.internal.launch.MavenRuntimeClasspathProvider.disable(MavenRuntimeClasspathProvider.java:435)
	at org.eclipse.m2e.jdt.internal.launch.MavenLaunchConfigurationListener.mavenProjectChanged(MavenLaunchConfigurationListener.java:137)
	at org.eclipse.m2e.core.internal.project.registry.ProjectRegistryManager.notifyProjectChangeListeners(ProjectRegistryManager.java:892)
	at org.eclipse.m2e.core.internal.project.registry.ProjectRegistryManager.applyMutableProjectRegistry(ProjectRegistryManager.java:1042)
	at org.eclipse.m2e.core.internal.project.registry.ProjectRegistryRefreshJob.lambda$0(ProjectRegistryRefreshJob.java:162)
	at org.eclipse.m2e.core.internal.embedder.MavenExecutionContext.executeBare(MavenExecutionContext.java:458)
	at org.eclipse.m2e.core.internal.embedder.MavenExecutionContext.execute(MavenExecutionContext.java:339)
	at org.eclipse.m2e.core.internal.embedder.MavenExecutionContext.execute(MavenExecutionContext.java:278)
	at org.eclipse.m2e.core.internal.project.registry.ProjectRegistryRefreshJob.run(ProjectRegistryRefreshJob.java:106)
	at org.eclipse.core.internal.jobs.Worker.run(Worker.java:63)
2025-09-08 00:41:06,977 [Worker-60: Updating Maven Dependencies] ERROR o.e.m.j.i.l.MavenLaunchConfigurationListener - Launch configuration FavoriteMovieMockTest references closed project mockito-junit-lab9
org.eclipse.core.runtime.CoreException: Launch configuration FavoriteMovieMockTest references closed project mockito-junit-lab9
	at org.eclipse.jdt.launching.JavaRuntime.abort(JavaRuntime.java:1871)
	at org.eclipse.jdt.launching.JavaRuntime.getJavaProject(JavaRuntime.java:1745)
	at org.eclipse.m2e.jdt.internal.launch.MavenLaunchConfigurationListener.updateLaunchConfiguration(MavenLaunchConfigurationListener.java:66)
	at org.eclipse.m2e.jdt.internal.launch.MavenLaunchConfigurationListener.launchConfigurationChanged(MavenLaunchConfigurationListener.java:52)
	at org.eclipse.debug.internal.core.LaunchManager$ConfigurationNotifier.run(LaunchManager.java:220)
	at org.eclipse.core.runtime.SafeRunner.run(SafeRunner.java:47)
	at org.eclipse.debug.internal.core.LaunchManager$ConfigurationNotifier.notify(LaunchManager.java:204)
	at org.eclipse.debug.internal.core.LaunchManager.launchConfigurationChanged(LaunchManager.java:2009)
	at org.eclipse.debug.internal.core.LaunchConfigurationWorkingCopy.writeNewFile(LaunchConfigurationWorkingCopy.java:380)
	at org.eclipse.debug.internal.core.LaunchConfigurationWorkingCopy.doSave0(LaunchConfigurationWorkingCopy.java:259)
	at org.eclipse.debug.internal.core.LaunchConfigurationWorkingCopy.doSave(LaunchConfigurationWorkingCopy.java:229)
	at org.eclipse.debug.internal.core.LaunchConfigurationWorkingCopy.doSave(LaunchConfigurationWorkingCopy.java:187)
	at org.eclipse.m2e.jdt.internal.launch.MavenRuntimeClasspathProvider.disable(MavenRuntimeClasspathProvider.java:411)
	at org.eclipse.m2e.jdt.internal.launch.MavenRuntimeClasspathProvider.disable(MavenRuntimeClasspathProvider.java:435)
	at org.eclipse.m2e.jdt.internal.launch.MavenLaunchConfigurationListener.mavenProjectChanged(MavenLaunchConfigurationListener.java:137)
	at org.eclipse.m2e.core.internal.project.registry.ProjectRegistryManager.notifyProjectChangeListeners(ProjectRegistryManager.java:892)
	at org.eclipse.m2e.core.internal.project.registry.ProjectRegistryManager.applyMutableProjectRegistry(ProjectRegistryManager.java:1042)
	at org.eclipse.m2e.core.internal.project.registry.ProjectRegistryRefreshJob.lambda$0(ProjectRegistryRefreshJob.java:162)
	at org.eclipse.m2e.core.internal.embedder.MavenExecutionContext.executeBare(MavenExecutionContext.java:458)
	at org.eclipse.m2e.core.internal.embedder.MavenExecutionContext.execute(MavenExecutionContext.java:339)
	at org.eclipse.m2e.core.internal.embedder.MavenExecutionContext.execute(MavenExecutionContext.java:278)
	at org.eclipse.m2e.core.internal.project.registry.ProjectRegistryRefreshJob.run(ProjectRegistryRefreshJob.java:106)
	at org.eclipse.core.internal.jobs.Worker.run(Worker.java:63)
2025-09-08 00:41:20,157 [Worker-63: Updating Maven Dependencies] INFO  o.e.m.c.i.l.LifecycleMappingFactory - Using org.eclipse.m2e.jdt.JarLifecycleMapping lifecycle mapping for MavenProject: com.sqa.lab9:mockito-junit-lab9:0.0.1-SNAPSHOT @ D:\QA\SQA_LAB9\mockito-junit-lab9\pom.xml.
2025-09-08 14:46:48,805 [Worker-7: Loading available Gradle versions] INFO  o.e.b.c.i.u.g.PublishedGradleVersions - Gradle version information cache is up-to-date. Trying to read.
2025-09-08 14:49:43,488 [Worker-4: Launching Executing test in D__QA_SQA_LAB9_mockito-junit-lab9] INFO  o.eclipse.m2e.core.internal.Bundles - getClasspathEntries(Bundle=org.eclipse.m2e.maven.runtime_3.9.900.20250220-2013 [639])
2025-09-08 14:49:43,491 [Worker-4: Launching Executing test in D__QA_SQA_LAB9_mockito-junit-lab9] INFO  o.eclipse.m2e.core.internal.Bundles - 	Entry: C:\Users\ROG STRIX\.p2\pool\plugins\org.eclipse.m2e.maven.runtime_3.9.900.20250220-2013
2025-09-08 14:49:43,492 [Worker-4: Launching Executing test in D__QA_SQA_LAB9_mockito-junit-lab9] INFO  o.eclipse.m2e.core.internal.Bundles - 	Entry: C:\Users\ROG STRIX\.p2\pool\plugins\org.eclipse.m2e.maven.runtime_3.9.900.20250220-2013\jars\aopalliance-1.0.jar
2025-09-08 14:49:43,492 [Worker-4: Launching Executing test in D__QA_SQA_LAB9_mockito-junit-lab9] INFO  o.eclipse.m2e.core.internal.Bundles - 	Entry: C:\Users\ROG STRIX\.p2\pool\plugins\org.eclipse.m2e.maven.runtime_3.9.900.20250220-2013\jars\guice-5.1.0.jar
2025-09-08 14:49:43,492 [Worker-4: Launching Executing test in D__QA_SQA_LAB9_mockito-junit-lab9] INFO  o.eclipse.m2e.core.internal.Bundles - 	Entry: C:\Users\ROG STRIX\.p2\pool\plugins\org.eclipse.m2e.maven.runtime_3.9.900.20250220-2013\jars\httpclient-4.5.14.jar
2025-09-08 14:49:43,492 [Worker-4: Launching Executing test in D__QA_SQA_LAB9_mockito-junit-lab9] INFO  o.eclipse.m2e.core.internal.Bundles - 	Entry: C:\Users\ROG STRIX\.p2\pool\plugins\org.eclipse.m2e.maven.runtime_3.9.900.20250220-2013\jars\httpcore-4.4.16.jar
2025-09-08 14:49:43,492 [Worker-4: Launching Executing test in D__QA_SQA_LAB9_mockito-junit-lab9] INFO  o.eclipse.m2e.core.internal.Bundles - 	Entry: C:\Users\ROG STRIX\.p2\pool\plugins\org.eclipse.m2e.maven.runtime_3.9.900.20250220-2013\jars\jansi-2.4.1.jar
2025-09-08 14:49:43,493 [Worker-4: Launching Executing test in D__QA_SQA_LAB9_mockito-junit-lab9] INFO  o.eclipse.m2e.core.internal.Bundles - 	Entry: C:\Users\ROG STRIX\.p2\pool\plugins\org.eclipse.m2e.maven.runtime_3.9.900.20250220-2013\jars\jcl-over-slf4j-1.7.36.jar
2025-09-08 14:49:43,493 [Worker-4: Launching Executing test in D__QA_SQA_LAB9_mockito-junit-lab9] INFO  o.eclipse.m2e.core.internal.Bundles - 	Entry: C:\Users\ROG STRIX\.p2\pool\plugins\org.eclipse.m2e.maven.runtime_3.9.900.20250220-2013\jars\maven-artifact-3.9.9.jar
2025-09-08 14:49:43,493 [Worker-4: Launching Executing test in D__QA_SQA_LAB9_mockito-junit-lab9] INFO  o.eclipse.m2e.core.internal.Bundles - 	Entry: C:\Users\ROG STRIX\.p2\pool\plugins\org.eclipse.m2e.maven.runtime_3.9.900.20250220-2013\jars\maven-builder-support-3.9.9.jar
2025-09-08 14:49:43,493 [Worker-4: Launching Executing test in D__QA_SQA_LAB9_mockito-junit-lab9] INFO  o.eclipse.m2e.core.internal.Bundles - 	Entry: C:\Users\ROG STRIX\.p2\pool\plugins\org.eclipse.m2e.maven.runtime_3.9.900.20250220-2013\jars\maven-compat-3.9.9.jar
2025-09-08 14:49:43,493 [Worker-4: Launching Executing test in D__QA_SQA_LAB9_mockito-junit-lab9] INFO  o.eclipse.m2e.core.internal.Bundles - 	Entry: C:\Users\ROG STRIX\.p2\pool\plugins\org.eclipse.m2e.maven.runtime_3.9.900.20250220-2013\jars\maven-core-3.9.9.jar
2025-09-08 14:49:43,493 [Worker-4: Launching Executing test in D__QA_SQA_LAB9_mockito-junit-lab9] INFO  o.eclipse.m2e.core.internal.Bundles - 	Entry: C:\Users\ROG STRIX\.p2\pool\plugins\org.eclipse.m2e.maven.runtime_3.9.900.20250220-2013\jars\maven-embedder-3.9.9.jar
2025-09-08 14:49:43,493 [Worker-4: Launching Executing test in D__QA_SQA_LAB9_mockito-junit-lab9] INFO  o.eclipse.m2e.core.internal.Bundles - 	Entry: C:\Users\ROG STRIX\.p2\pool\plugins\org.eclipse.m2e.maven.runtime_3.9.900.20250220-2013\jars\maven-model-3.9.9.jar
2025-09-08 14:49:43,493 [Worker-4: Launching Executing test in D__QA_SQA_LAB9_mockito-junit-lab9] INFO  o.eclipse.m2e.core.internal.Bundles - 	Entry: C:\Users\ROG STRIX\.p2\pool\plugins\org.eclipse.m2e.maven.runtime_3.9.900.20250220-2013\jars\maven-model-builder-3.9.9.jar
2025-09-08 14:49:43,493 [Worker-4: Launching Executing test in D__QA_SQA_LAB9_mockito-junit-lab9] INFO  o.eclipse.m2e.core.internal.Bundles - 	Entry: C:\Users\ROG STRIX\.p2\pool\plugins\org.eclipse.m2e.maven.runtime_3.9.900.20250220-2013\jars\maven-plugin-api-3.9.9.jar
2025-09-08 14:49:43,493 [Worker-4: Launching Executing test in D__QA_SQA_LAB9_mockito-junit-lab9] INFO  o.eclipse.m2e.core.internal.Bundles - 	Entry: C:\Users\ROG STRIX\.p2\pool\plugins\org.eclipse.m2e.maven.runtime_3.9.900.20250220-2013\jars\maven-repository-metadata-3.9.9.jar
2025-09-08 14:49:43,494 [Worker-4: Launching Executing test in D__QA_SQA_LAB9_mockito-junit-lab9] INFO  o.eclipse.m2e.core.internal.Bundles - 	Entry: C:\Users\ROG STRIX\.p2\pool\plugins\org.eclipse.m2e.maven.runtime_3.9.900.20250220-2013\jars\maven-resolver-api-1.9.22.jar
2025-09-08 14:49:43,494 [Worker-4: Launching Executing test in D__QA_SQA_LAB9_mockito-junit-lab9] INFO  o.eclipse.m2e.core.internal.Bundles - 	Entry: C:\Users\ROG STRIX\.p2\pool\plugins\org.eclipse.m2e.maven.runtime_3.9.900.20250220-2013\jars\maven-resolver-connector-basic-1.9.22.jar
2025-09-08 14:49:43,494 [Worker-4: Launching Executing test in D__QA_SQA_LAB9_mockito-junit-lab9] INFO  o.eclipse.m2e.core.internal.Bundles - 	Entry: C:\Users\ROG STRIX\.p2\pool\plugins\org.eclipse.m2e.maven.runtime_3.9.900.20250220-2013\jars\maven-resolver-impl-1.9.22.jar
2025-09-08 14:49:43,494 [Worker-4: Launching Executing test in D__QA_SQA_LAB9_mockito-junit-lab9] INFO  o.eclipse.m2e.core.internal.Bundles - 	Entry: C:\Users\ROG STRIX\.p2\pool\plugins\org.eclipse.m2e.maven.runtime_3.9.900.20250220-2013\jars\maven-resolver-named-locks-1.9.22.jar
2025-09-08 14:49:43,494 [Worker-4: Launching Executing test in D__QA_SQA_LAB9_mockito-junit-lab9] INFO  o.eclipse.m2e.core.internal.Bundles - 	Entry: C:\Users\ROG STRIX\.p2\pool\plugins\org.eclipse.m2e.maven.runtime_3.9.900.20250220-2013\jars\maven-resolver-provider-3.9.9.jar
2025-09-08 14:49:43,494 [Worker-4: Launching Executing test in D__QA_SQA_LAB9_mockito-junit-lab9] INFO  o.eclipse.m2e.core.internal.Bundles - 	Entry: C:\Users\ROG STRIX\.p2\pool\plugins\org.eclipse.m2e.maven.runtime_3.9.900.20250220-2013\jars\maven-resolver-spi-1.9.22.jar
2025-09-08 14:49:43,494 [Worker-4: Launching Executing test in D__QA_SQA_LAB9_mockito-junit-lab9] INFO  o.eclipse.m2e.core.internal.Bundles - 	Entry: C:\Users\ROG STRIX\.p2\pool\plugins\org.eclipse.m2e.maven.runtime_3.9.900.20250220-2013\jars\maven-resolver-transport-file-1.9.22.jar
2025-09-08 14:49:43,494 [Worker-4: Launching Executing test in D__QA_SQA_LAB9_mockito-junit-lab9] INFO  o.eclipse.m2e.core.internal.Bundles - 	Entry: C:\Users\ROG STRIX\.p2\pool\plugins\org.eclipse.m2e.maven.runtime_3.9.900.20250220-2013\jars\maven-resolver-transport-http-1.9.22.jar
2025-09-08 14:49:43,494 [Worker-4: Launching Executing test in D__QA_SQA_LAB9_mockito-junit-lab9] INFO  o.eclipse.m2e.core.internal.Bundles - 	Entry: C:\Users\ROG STRIX\.p2\pool\plugins\org.eclipse.m2e.maven.runtime_3.9.900.20250220-2013\jars\maven-resolver-transport-wagon-1.9.22.jar
2025-09-08 14:49:43,494 [Worker-4: Launching Executing test in D__QA_SQA_LAB9_mockito-junit-lab9] INFO  o.eclipse.m2e.core.internal.Bundles - 	Entry: C:\Users\ROG STRIX\.p2\pool\plugins\org.eclipse.m2e.maven.runtime_3.9.900.20250220-2013\jars\maven-resolver-util-1.9.22.jar
2025-09-08 14:49:43,495 [Worker-4: Launching Executing test in D__QA_SQA_LAB9_mockito-junit-lab9] INFO  o.eclipse.m2e.core.internal.Bundles - 	Entry: C:\Users\ROG STRIX\.p2\pool\plugins\org.eclipse.m2e.maven.runtime_3.9.900.20250220-2013\jars\maven-settings-3.9.9.jar
2025-09-08 14:49:43,495 [Worker-4: Launching Executing test in D__QA_SQA_LAB9_mockito-junit-lab9] INFO  o.eclipse.m2e.core.internal.Bundles - 	Entry: C:\Users\ROG STRIX\.p2\pool\plugins\org.eclipse.m2e.maven.runtime_3.9.900.20250220-2013\jars\maven-settings-builder-3.9.9.jar
2025-09-08 14:49:43,495 [Worker-4: Launching Executing test in D__QA_SQA_LAB9_mockito-junit-lab9] INFO  o.eclipse.m2e.core.internal.Bundles - 	Entry: C:\Users\ROG STRIX\.p2\pool\plugins\org.eclipse.m2e.maven.runtime_3.9.900.20250220-2013\jars\maven-shared-utils-3.4.2.jar
2025-09-08 14:49:43,495 [Worker-4: Launching Executing test in D__QA_SQA_LAB9_mockito-junit-lab9] INFO  o.eclipse.m2e.core.internal.Bundles - 	Entry: C:\Users\ROG STRIX\.p2\pool\plugins\org.eclipse.m2e.maven.runtime_3.9.900.20250220-2013\jars\org.eclipse.sisu.inject-0.9.0.M3.jar
2025-09-08 14:49:43,495 [Worker-4: Launching Executing test in D__QA_SQA_LAB9_mockito-junit-lab9] INFO  o.eclipse.m2e.core.internal.Bundles - 	Entry: C:\Users\ROG STRIX\.p2\pool\plugins\org.eclipse.m2e.maven.runtime_3.9.900.20250220-2013\jars\org.eclipse.sisu.plexus-0.9.0.M3.jar
2025-09-08 14:49:43,495 [Worker-4: Launching Executing test in D__QA_SQA_LAB9_mockito-junit-lab9] INFO  o.eclipse.m2e.core.internal.Bundles - 	Entry: C:\Users\ROG STRIX\.p2\pool\plugins\org.eclipse.m2e.maven.runtime_3.9.900.20250220-2013\jars\plexus-build-api-0.0.7.jar
2025-09-08 14:49:43,495 [Worker-4: Launching Executing test in D__QA_SQA_LAB9_mockito-junit-lab9] INFO  o.eclipse.m2e.core.internal.Bundles - 	Entry: C:\Users\ROG STRIX\.p2\pool\plugins\org.eclipse.m2e.maven.runtime_3.9.900.20250220-2013\jars\plexus-build-api-1.2.0.jar
2025-09-08 14:49:43,495 [Worker-4: Launching Executing test in D__QA_SQA_LAB9_mockito-junit-lab9] INFO  o.eclipse.m2e.core.internal.Bundles - 	Entry: C:\Users\ROG STRIX\.p2\pool\plugins\org.eclipse.m2e.maven.runtime_3.9.900.20250220-2013\jars\plexus-cipher-2.0.jar
2025-09-08 14:49:43,495 [Worker-4: Launching Executing test in D__QA_SQA_LAB9_mockito-junit-lab9] INFO  o.eclipse.m2e.core.internal.Bundles - 	Entry: C:\Users\ROG STRIX\.p2\pool\plugins\org.eclipse.m2e.maven.runtime_3.9.900.20250220-2013\jars\plexus-classworlds-2.8.0.jar
2025-09-08 14:49:43,495 [Worker-4: Launching Executing test in D__QA_SQA_LAB9_mockito-junit-lab9] INFO  o.eclipse.m2e.core.internal.Bundles - 	Entry: C:\Users\ROG STRIX\.p2\pool\plugins\org.eclipse.m2e.maven.runtime_3.9.900.20250220-2013\jars\plexus-component-annotations-2.1.0.jar
2025-09-08 14:49:43,496 [Worker-4: Launching Executing test in D__QA_SQA_LAB9_mockito-junit-lab9] INFO  o.eclipse.m2e.core.internal.Bundles - 	Entry: C:\Users\ROG STRIX\.p2\pool\plugins\org.eclipse.m2e.maven.runtime_3.9.900.20250220-2013\jars\plexus-interpolation-1.27.jar
2025-09-08 14:49:43,496 [Worker-4: Launching Executing test in D__QA_SQA_LAB9_mockito-junit-lab9] INFO  o.eclipse.m2e.core.internal.Bundles - 	Entry: C:\Users\ROG STRIX\.p2\pool\plugins\org.eclipse.m2e.maven.runtime_3.9.900.20250220-2013\jars\plexus-sec-dispatcher-2.0.jar
2025-09-08 14:49:43,496 [Worker-4: Launching Executing test in D__QA_SQA_LAB9_mockito-junit-lab9] INFO  o.eclipse.m2e.core.internal.Bundles - 	Entry: C:\Users\ROG STRIX\.p2\pool\plugins\org.eclipse.m2e.maven.runtime_3.9.900.20250220-2013\jars\plexus-utils-3.5.1.jar
2025-09-08 14:49:43,496 [Worker-4: Launching Executing test in D__QA_SQA_LAB9_mockito-junit-lab9] INFO  o.eclipse.m2e.core.internal.Bundles - 	Entry: C:\Users\ROG STRIX\.p2\pool\plugins\org.eclipse.m2e.maven.runtime_3.9.900.20250220-2013\jars\plexus-xml-3.0.1.jar
2025-09-08 14:49:43,496 [Worker-4: Launching Executing test in D__QA_SQA_LAB9_mockito-junit-lab9] INFO  o.eclipse.m2e.core.internal.Bundles - 	Entry: C:\Users\ROG STRIX\.p2\pool\plugins\org.eclipse.m2e.maven.runtime_3.9.900.20250220-2013\jars\wagon-file-3.5.3.jar
2025-09-08 14:49:43,496 [Worker-4: Launching Executing test in D__QA_SQA_LAB9_mockito-junit-lab9] INFO  o.eclipse.m2e.core.internal.Bundles - 	Entry: C:\Users\ROG STRIX\.p2\pool\plugins\org.eclipse.m2e.maven.runtime_3.9.900.20250220-2013\jars\wagon-http-3.5.3.jar
2025-09-08 14:49:43,496 [Worker-4: Launching Executing test in D__QA_SQA_LAB9_mockito-junit-lab9] INFO  o.eclipse.m2e.core.internal.Bundles - 	Entry: C:\Users\ROG STRIX\.p2\pool\plugins\org.eclipse.m2e.maven.runtime_3.9.900.20250220-2013\jars\wagon-http-shared-3.5.3.jar
2025-09-08 14:49:43,496 [Worker-4: Launching Executing test in D__QA_SQA_LAB9_mockito-junit-lab9] INFO  o.eclipse.m2e.core.internal.Bundles - 	Entry: C:\Users\ROG STRIX\.p2\pool\plugins\org.eclipse.m2e.maven.runtime_3.9.900.20250220-2013\jars\wagon-provider-api-3.5.3.jar
2025-09-08 14:49:43,498 [Worker-4: Launching Executing test in D__QA_SQA_LAB9_mockito-junit-lab9] INFO  o.eclipse.m2e.core.internal.Bundles - getClasspathEntries(Bundle=com.google.guava_33.4.8.jre [18])
2025-09-08 14:49:43,498 [Worker-4: Launching Executing test in D__QA_SQA_LAB9_mockito-junit-lab9] INFO  o.eclipse.m2e.core.internal.Bundles - 	Entry: C:\Users\ROG STRIX\.p2\pool\plugins\com.google.guava_33.4.8.jre.jar
2025-09-08 14:49:43,498 [Worker-4: Launching Executing test in D__QA_SQA_LAB9_mockito-junit-lab9] INFO  o.eclipse.m2e.core.internal.Bundles - getClasspathEntries(Bundle=slf4j.api_2.0.17 [1004])
2025-09-08 14:49:43,499 [Worker-4: Launching Executing test in D__QA_SQA_LAB9_mockito-junit-lab9] INFO  o.eclipse.m2e.core.internal.Bundles - 	Entry: C:\Users\ROG STRIX\.p2\pool\plugins\slf4j.api_2.0.17.jar
2025-09-08 14:49:43,499 [Worker-4: Launching Executing test in D__QA_SQA_LAB9_mockito-junit-lab9] INFO  o.eclipse.m2e.core.internal.Bundles - getClasspathEntries(Bundle=jakarta.inject.jakarta.inject-api_1.0.5 [35])
2025-09-08 14:49:43,499 [Worker-4: Launching Executing test in D__QA_SQA_LAB9_mockito-junit-lab9] INFO  o.eclipse.m2e.core.internal.Bundles - 	Entry: C:\Users\ROG STRIX\.p2\pool\plugins\jakarta.inject.jakarta.inject-api_1.0.5.jar
2025-09-08 14:49:43,499 [Worker-4: Launching Executing test in D__QA_SQA_LAB9_mockito-junit-lab9] INFO  o.eclipse.m2e.core.internal.Bundles - getClasspathEntries(Bundle=javax.annotation_1.3.5.v20200909-1856 [45])
2025-09-08 14:49:43,499 [Worker-4: Launching Executing test in D__QA_SQA_LAB9_mockito-junit-lab9] INFO  o.eclipse.m2e.core.internal.Bundles - 	Entry: C:\Users\ROG STRIX\.p2\pool\plugins\javax.annotation_1.3.5.v20200909-1856.jar
2025-09-08 14:49:43,499 [Worker-4: Launching Executing test in D__QA_SQA_LAB9_mockito-junit-lab9] INFO  o.eclipse.m2e.core.internal.Bundles - getClasspathEntries(Bundle=org.apache.commons.cli_1.9.0 [76])
2025-09-08 14:49:43,500 [Worker-4: Launching Executing test in D__QA_SQA_LAB9_mockito-junit-lab9] INFO  o.eclipse.m2e.core.internal.Bundles - 	Entry: C:\Users\ROG STRIX\.p2\pool\plugins\org.apache.commons.cli_1.9.0.jar
2025-09-08 14:49:43,500 [Worker-4: Launching Executing test in D__QA_SQA_LAB9_mockito-junit-lab9] INFO  o.eclipse.m2e.core.internal.Bundles - getClasspathEntries(Bundle=org.apache.commons.commons-codec_1.16.0 [78])
2025-09-08 14:49:43,500 [Worker-4: Launching Executing test in D__QA_SQA_LAB9_mockito-junit-lab9] INFO  o.eclipse.m2e.core.internal.Bundles - 	Entry: C:\Users\ROG STRIX\.p2\pool\plugins\org.apache.commons.commons-codec_1.16.0.jar
2025-09-08 14:49:43,500 [Worker-4: Launching Executing test in D__QA_SQA_LAB9_mockito-junit-lab9] INFO  o.eclipse.m2e.core.internal.Bundles - getClasspathEntries(Bundle=com.google.guava.failureaccess_1.0.3 [19])
2025-09-08 14:49:43,500 [Worker-4: Launching Executing test in D__QA_SQA_LAB9_mockito-junit-lab9] INFO  o.eclipse.m2e.core.internal.Bundles - 	Entry: C:\Users\ROG STRIX\.p2\pool\plugins\com.google.guava.failureaccess_1.0.3.jar
2025-09-08 14:49:43,503 [Worker-4: Launching Executing test in D__QA_SQA_LAB9_mockito-junit-lab9] INFO  o.e.m.i.launch.MavenLaunchDelegate - Run build in "D:\QA\SQA_LAB9\mockito-junit-lab9":
2025-09-08 14:49:43,509 [Worker-4: Launching Executing test in D__QA_SQA_LAB9_mockito-junit-lab9] INFO  o.e.m.i.launch.MavenLaunchDelegate -  mvn  -B -Dstyle.color=always test
